<?xml version="1.0" encoding="UTF-8"?>
<coverage generated="1587577132621" clover="3.2.0">
  <project timestamp="1587577132621" name="All files">
    <metrics statements="300" coveredstatements="290" conditionals="151" coveredconditionals="125" methods="15" coveredmethods="15" elements="466" coveredelements="430" complexity="0" loc="300" ncloc="300" packages="1" files="1" classes="1"/>
    <file name="brukerconverter.js" path="/home/abolanos/git/cheminfo-js/brukerconverter/src/brukerconverter.js">
      <metrics statements="300" coveredstatements="290" conditionals="151" coveredconditionals="125" methods="15" coveredmethods="15"/>
      <line num="1" count="1" type="stmt"/>
      <line num="2" count="1" type="stmt"/>
      <line num="3" count="1" type="stmt"/>
      <line num="5" count="1" type="stmt"/>
      <line num="6" count="1" type="stmt"/>
      <line num="9" count="4" type="cond" truecount="1" falsecount="1"/>
      <line num="10" count="4" type="stmt"/>
      <line num="12" count="4" type="stmt"/>
      <line num="13" count="4" type="stmt"/>
      <line num="24" count="4" type="stmt"/>
      <line num="25" count="238" type="cond" truecount="2" falsecount="0"/>
      <line num="26" count="235" type="cond" truecount="2" falsecount="0"/>
      <line num="32" count="18" type="stmt"/>
      <line num="34" count="217" type="stmt"/>
      <line num="36" count="4" type="stmt"/>
      <line num="38" count="4" type="stmt"/>
      <line num="39" count="18" type="stmt"/>
      <line num="40" count="18" type="stmt"/>
      <line num="41" count="18" type="stmt"/>
      <line num="42" count="18" type="stmt"/>
      <line num="43" count="18" type="stmt"/>
      <line num="44" count="18" type="stmt"/>
      <line num="45" count="300" type="cond" truecount="2" falsecount="0"/>
      <line num="47" count="18" type="cond" truecount="2" falsecount="0"/>
      <line num="48" count="8" type="stmt"/>
      <line num="49" count="8" type="stmt"/>
      <line num="53" count="18" type="stmt"/>
      <line num="54" count="50" type="stmt"/>
      <line num="55" count="50" type="stmt"/>
      <line num="56" count="50" type="stmt"/>
      <line num="57" count="50" type="cond" truecount="2" falsecount="0"/>
      <line num="58" count="22" type="stmt"/>
      <line num="60" count="28" type="stmt"/>
      <line num="63" count="18" type="stmt"/>
      <line num="64" count="18" type="stmt"/>
      <line num="65" count="18" type="stmt"/>
      <line num="66" count="58" type="stmt"/>
      <line num="67" count="58" type="stmt"/>
      <line num="69" count="18" type="stmt"/>
      <line num="72" count="4" type="stmt"/>
      <line num="77" count="21" type="cond" truecount="1" falsecount="1"/>
      <line num="78" count="21" type="stmt"/>
      <line num="80" count="21" type="cond" truecount="4" falsecount="0"/>
      <line num="81" count="11" type="stmt"/>
      <line num="82" count="10" type="cond" truecount="4" falsecount="1"/>
      <line num="83" count="10" type="stmt"/>
      <line num="85" count="0" type="stmt"/>
      <line num="87" count="21" type="cond" truecount="4" falsecount="0"/>
      <line num="88" count="3" type="stmt"/>
      <line num="89" count="3" type="cond" truecount="1" falsecount="1"/>
      <line num="90" count="0" type="stmt"/>
      <line num="95" count="3" type="cond" truecount="1" falsecount="1"/>
      <line num="96" count="0" type="stmt"/>
      <line num="100" count="21" type="stmt"/>
      <line num="101" count="21" type="cond" truecount="1" falsecount="1"/>
      <line num="103" count="21" type="cond" truecount="1" falsecount="1"/>
      <line num="104" count="21" type="stmt"/>
      <line num="105" count="6212" type="stmt"/>
      <line num="106" count="6212" type="cond" truecount="1" falsecount="1"/>
      <line num="107" count="6212" type="stmt"/>
      <line num="108" count="6212" type="stmt"/>
      <line num="112" count="6212" type="stmt"/>
      <line num="113" count="14745600" type="stmt"/>
      <line num="114" count="14745600" type="stmt"/>
      <line num="116" count="6212" type="stmt"/>
      <line num="122" count="21" type="stmt"/>
      <line num="126" count="10" type="cond" truecount="2" falsecount="0"/>
      <line num="127" count="10" type="cond" truecount="2" falsecount="0"/>
      <line num="128" count="10" type="cond" truecount="2" falsecount="0"/>
      <line num="129" count="10" type="cond" truecount="2" falsecount="0"/>
      <line num="130" count="10" type="stmt"/>
      <line num="131" count="2988" type="stmt"/>
      <line num="132" count="2988" type="cond" truecount="2" falsecount="0"/>
      <line num="133" count="1630" type="stmt"/>
      <line num="136" count="10" type="cond" truecount="4" falsecount="0"/>
      <line num="137" count="5" type="cond" truecount="1" falsecount="1"/>
      <line num="138" count="5" type="stmt"/>
      <line num="140" count="5" type="cond" truecount="1" falsecount="1"/>
      <line num="141" count="5" type="stmt"/>
      <line num="143" count="5" type="cond" truecount="1" falsecount="1"/>
      <line num="144" count="5" type="stmt"/>
      <line num="147" count="10" type="stmt"/>
      <line num="152" count="11" type="cond" truecount="2" falsecount="0"/>
      <line num="153" count="5" type="stmt"/>
      <line num="154" count="5" type="stmt"/>
      <line num="155" count="5" type="stmt"/>
      <line num="156" count="5" type="stmt"/>
      <line num="157" count="1660" type="stmt"/>
      <line num="158" count="1660" type="cond" truecount="2" falsecount="0"/>
      <line num="159" count="1630" type="stmt"/>
      <line num="162" count="5" type="stmt"/>
      <line num="163" count="5" type="stmt"/>
      <line num="164" count="5" type="stmt"/>
      <line num="165" count="5" type="stmt"/>
      <line num="166" count="5" type="stmt"/>
      <line num="167" count="6" type="cond" truecount="1" falsecount="1"/>
      <line num="168" count="6" type="stmt"/>
      <line num="169" count="6" type="stmt"/>
      <line num="170" count="6" type="stmt"/>
      <line num="171" count="6" type="stmt"/>
      <line num="174" count="6" type="stmt"/>
      <line num="176" count="6" type="stmt"/>
      <line num="177" count="6" type="stmt"/>
      <line num="178" count="6" type="stmt"/>
      <line num="179" count="6" type="stmt"/>
      <line num="180" count="6" type="stmt"/>
      <line num="181" count="6" type="stmt"/>
      <line num="182" count="6" type="stmt"/>
      <line num="183" count="6" type="stmt"/>
      <line num="186" count="11" type="stmt"/>
      <line num="187" count="11" type="stmt"/>
      <line num="188" count="11" type="stmt"/>
      <line num="189" count="11" type="stmt"/>
      <line num="191" count="11" type="stmt"/>
      <line num="192" count="11" type="stmt"/>
      <line num="193" count="11" type="stmt"/>
      <line num="195" count="11" type="cond" truecount="2" falsecount="0"/>
      <line num="196" count="5" type="stmt"/>
      <line num="197" count="6" type="cond" truecount="1" falsecount="1"/>
      <line num="198" count="6" type="stmt"/>
      <line num="201" count="11" type="stmt"/>
      <line num="202" count="6192" type="stmt"/>
      <line num="203" count="6192" type="stmt"/>
      <line num="208" count="11" type="stmt"/>
      <line num="209" count="11" type="stmt"/>
      <line num="210" count="11" type="stmt"/>
      <line num="211" count="11" type="stmt"/>
      <line num="212" count="11" type="stmt"/>
      <line num="213" count="11" type="stmt"/>
      <line num="215" count="11" type="stmt"/>
      <line num="217" count="11" type="stmt"/>
      <line num="221" count="15" type="stmt"/>
      <line num="222" count="15" type="stmt"/>
      <line num="224" count="15" type="stmt"/>
      <line num="225" count="15" type="stmt"/>
      <line num="226" count="15" type="stmt"/>
      <line num="229" count="15" type="cond" truecount="2" falsecount="0"/>
      <line num="231" count="15" type="stmt"/>
      <line num="232" count="15" type="stmt"/>
      <line num="233" count="15" type="stmt"/>
      <line num="234" count="15" type="stmt"/>
      <line num="235" count="15" type="stmt"/>
      <line num="237" count="15" type="stmt"/>
      <line num="238" count="15" type="cond" truecount="1" falsecount="1"/>
      <line num="241" count="15" type="cond" truecount="2" falsecount="0"/>
      <line num="243" count="15" type="cond" truecount="1" falsecount="1"/>
      <line num="244" count="15" type="stmt"/>
      <line num="246" count="0" type="stmt"/>
      <line num="249" count="15" type="stmt"/>
      <line num="250" count="5130" type="stmt"/>
      <line num="265" count="5130" type="stmt"/>
      <line num="266" count="5130" type="stmt"/>
      <line num="268" count="5130" type="cond" truecount="2" falsecount="0"/>
      <line num="269" count="5125" type="stmt"/>
      <line num="270" count="6455296" type="stmt"/>
      <line num="271" count="6455296" type="stmt"/>
      <line num="272" count="6455296" type="cond" truecount="3" falsecount="1"/>
      <line num="273" count="0" type="stmt"/>
      <line num="275" count="6455296" type="stmt"/>
      <line num="278" count="5" type="stmt"/>
      <line num="279" count="163840" type="stmt"/>
      <line num="280" count="163840" type="stmt"/>
      <line num="281" count="163840" type="cond" truecount="3" falsecount="1"/>
      <line num="282" count="0" type="stmt"/>
      <line num="284" count="163840" type="stmt"/>
      <line num="288" count="5130" type="stmt"/>
      <line num="293" count="47" type="stmt"/>
      <line num="294" count="47" type="cond" truecount="1" falsecount="1"/>
      <line num="295" count="47" type="stmt"/>
      <line num="299" count="47" type="cond" truecount="2" falsecount="0"/>
      <line num="303" count="11" type="stmt"/>
      <line num="304" count="11" type="stmt"/>
      <line num="306" count="11" type="stmt"/>
      <line num="308" count="11" type="stmt"/>
      <line num="309" count="11" type="stmt"/>
      <line num="310" count="11" type="stmt"/>
      <line num="311" count="11" type="stmt"/>
      <line num="315" count="11" type="stmt"/>
      <line num="316" count="11" type="stmt"/>
      <line num="318" count="11" type="stmt"/>
      <line num="319" count="11" type="cond" truecount="1" falsecount="1"/>
      <line num="321" count="11" type="cond" truecount="1" falsecount="1"/>
      <line num="322" count="11" type="stmt"/>
      <line num="324" count="0" type="stmt"/>
      <line num="327" count="11" type="cond" truecount="2" falsecount="0"/>
      <line num="328" count="11" type="stmt"/>
      <line num="330" count="11" type="stmt"/>
      <line num="331" count="541" type="stmt"/>
      <line num="346" count="541" type="stmt"/>
      <line num="348" count="541" type="stmt"/>
      <line num="363" count="541" type="stmt"/>
      <line num="365" count="541" type="stmt"/>
      <line num="367" count="541" type="cond" truecount="2" falsecount="0"/>
      <line num="368" count="3899392" type="stmt"/>
      <line num="369" count="3899392" type="cond" truecount="3" falsecount="1"/>
      <line num="370" count="0" type="stmt"/>
      <line num="372" count="3899392" type="stmt"/>
      <line num="373" count="3899392" type="stmt"/>
      <line num="374" count="3899392" type="stmt"/>
      <line num="375" count="3899392" type="cond" truecount="3" falsecount="1"/>
      <line num="376" count="0" type="stmt"/>
      <line num="378" count="3899392" type="stmt"/>
      <line num="379" count="3899392" type="stmt"/>
      <line num="382" count="541" type="stmt"/>
      <line num="383" count="163840" type="stmt"/>
      <line num="384" count="163840" type="stmt"/>
      <line num="385" count="163840" type="stmt"/>
      <line num="386" count="163840" type="stmt"/>
      <line num="398" count="3" type="stmt"/>
      <line num="399" count="3" type="stmt"/>
      <line num="400" count="3" type="stmt"/>
      <line num="401" count="3" type="stmt"/>
      <line num="402" count="3" type="stmt"/>
      <line num="403" count="3" type="stmt"/>
      <line num="404" count="3" type="stmt"/>
      <line num="405" count="2304" type="stmt"/>
      <line num="406" count="2304" type="stmt"/>
      <line num="407" count="2621440" type="stmt"/>
      <line num="408" count="2621440" type="cond" truecount="2" falsecount="0"/>
      <line num="409" count="2621440" type="cond" truecount="2" falsecount="0"/>
      <line num="410" count="2621440" type="cond" truecount="4" falsecount="0"/>
      <line num="411" count="2615043" type="stmt"/>
      <line num="416" count="3" type="stmt"/>
      <line num="429" count="3" type="stmt"/>
      <line num="430" count="3" type="stmt"/>
      <line num="431" count="3" type="stmt"/>
      <line num="432" count="3" type="stmt"/>
      <line num="436" count="3" type="stmt"/>
      <line num="437" count="3" type="stmt"/>
      <line num="438" count="3" type="stmt"/>
      <line num="439" count="3" type="stmt"/>
      <line num="440" count="3" type="stmt"/>
      <line num="441" count="3" type="stmt"/>
      <line num="442" count="3" type="stmt"/>
      <line num="443" count="3" type="stmt"/>
      <line num="446" count="3" type="stmt"/>
      <line num="447" count="3" type="stmt"/>
      <line num="448" count="3" type="stmt"/>
      <line num="449" count="3" type="stmt"/>
      <line num="450" count="3" type="stmt"/>
      <line num="451" count="3" type="stmt"/>
      <line num="452" count="3" type="stmt"/>
      <line num="453" count="3" type="stmt"/>
      <line num="467" count="3" type="stmt"/>
      <line num="469" count="42" type="stmt"/>
      <line num="470" count="42" type="stmt"/>
      <line num="471" count="42" type="stmt"/>
      <line num="472" count="42" type="cond" truecount="2" falsecount="0"/>
      <line num="473" count="21" type="stmt"/>
      <line num="476" count="21" type="stmt"/>
      <line num="479" count="42" type="stmt"/>
      <line num="480" count="42" type="stmt"/>
      <line num="481" count="42" type="stmt"/>
      <line num="483" count="42" type="cond" truecount="3" falsecount="1"/>
      <line num="485" count="42" type="stmt"/>
      <line num="486" count="32214" type="stmt"/>
      <line num="487" count="36610602" type="stmt"/>
      <line num="488" count="36610602" type="stmt"/>
      <line num="489" count="36610602" type="stmt"/>
      <line num="490" count="36610602" type="stmt"/>
      <line num="492" count="36610602" type="stmt"/>
      <line num="493" count="146442408" type="stmt"/>
      <line num="499" count="36610602" type="cond" truecount="4" falsecount="0"/>
      <line num="500" count="25969" type="stmt"/>
      <line num="503" count="25969" type="stmt"/>
      <line num="504" count="25969" type="stmt"/>
      <line num="505" count="25969" type="stmt"/>
      <line num="508" count="25969" type="stmt"/>
      <line num="515" count="36610602" type="cond" truecount="4" falsecount="0"/>
      <line num="516" count="26358" type="stmt"/>
      <line num="517" count="26358" type="stmt"/>
      <line num="521" count="26358" type="stmt"/>
      <line num="525" count="26358" type="stmt"/>
      <line num="526" count="26358" type="stmt"/>
      <line num="534" count="36610602" type="cond" truecount="2" falsecount="0"/>
      <line num="535" count="65593" type="stmt"/>
      <line num="539" count="65593" type="stmt"/>
      <line num="542" count="65593" type="cond" truecount="2" falsecount="0"/>
      <line num="543" count="43535" type="stmt"/>
      <line num="547" count="43535" type="stmt"/>
      <line num="548" count="43535" type="stmt"/>
      <line num="555" count="65593" type="cond" truecount="2" falsecount="0"/>
      <line num="556" count="22058" type="stmt"/>
      <line num="557" count="22058" type="stmt"/>
      <line num="561" count="22058" type="stmt"/>
      <line num="568" count="65593" type="cond" truecount="2" falsecount="0"/>
      <line num="569" count="21669" type="stmt"/>
      <line num="570" count="21669" type="stmt"/>
      <line num="573" count="21669" type="stmt"/>
      <line num="580" count="65593" type="cond" truecount="2" falsecount="0"/>
      <line num="581" count="43924" type="stmt"/>
      <line num="584" count="43924" type="stmt"/>
      <line num="585" count="43924" type="stmt"/>
      <line num="597" count="3" type="stmt"/>
      <line num="607" count="26" type="cond" truecount="3" falsecount="1"/>
      <line num="608" count="0" type="stmt"/>
      <line num="610" count="26" type="cond" truecount="2" falsecount="0"/>
      <line num="611" count="22" type="stmt"/>
      <line num="613" count="4" type="stmt"/>
      <line num="616" count="1" type="stmt"/>
    </file>
  </project>
</coverage>
