<?xml version="1.0" encoding="UTF-8"?>
<coverage generated="1581399893505" clover="3.2.0">
  <project timestamp="1581399893505" name="All files">
    <metrics statements="296" coveredstatements="286" conditionals="143" coveredconditionals="117" methods="15" coveredmethods="15" elements="454" coveredelements="418" complexity="0" loc="296" ncloc="296" packages="1" files="1" classes="1"/>
    <file name="brukerconverter.js" path="/Users/lpatiny/git/cheminfo-js/brukerconverter/src/brukerconverter.js">
      <metrics statements="296" coveredstatements="286" conditionals="143" coveredconditionals="117" methods="15" coveredmethods="15"/>
      <line num="1" count="1" type="stmt"/>
      <line num="2" count="1" type="stmt"/>
      <line num="3" count="1" type="stmt"/>
      <line num="5" count="1" type="stmt"/>
      <line num="6" count="1" type="stmt"/>
      <line num="9" count="4" type="cond" truecount="1" falsecount="1"/>
      <line num="10" count="4" type="stmt"/>
      <line num="12" count="4" type="stmt"/>
      <line num="13" count="4" type="stmt"/>
      <line num="24" count="4" type="stmt"/>
      <line num="25" count="238" type="cond" truecount="2" falsecount="0"/>
      <line num="31" count="18" type="stmt"/>
      <line num="33" count="220" type="stmt"/>
      <line num="35" count="4" type="stmt"/>
      <line num="37" count="4" type="stmt"/>
      <line num="38" count="18" type="stmt"/>
      <line num="39" count="18" type="stmt"/>
      <line num="40" count="18" type="stmt"/>
      <line num="41" count="18" type="stmt"/>
      <line num="42" count="18" type="stmt"/>
      <line num="43" count="18" type="stmt"/>
      <line num="44" count="300" type="cond" truecount="2" falsecount="0"/>
      <line num="46" count="18" type="cond" truecount="2" falsecount="0"/>
      <line num="47" count="8" type="stmt"/>
      <line num="48" count="8" type="stmt"/>
      <line num="52" count="18" type="stmt"/>
      <line num="53" count="50" type="stmt"/>
      <line num="54" count="50" type="stmt"/>
      <line num="55" count="50" type="stmt"/>
      <line num="56" count="50" type="cond" truecount="2" falsecount="0"/>
      <line num="57" count="22" type="stmt"/>
      <line num="59" count="28" type="stmt"/>
      <line num="62" count="18" type="stmt"/>
      <line num="63" count="18" type="stmt"/>
      <line num="64" count="18" type="stmt"/>
      <line num="65" count="58" type="stmt"/>
      <line num="66" count="58" type="stmt"/>
      <line num="68" count="18" type="stmt"/>
      <line num="71" count="4" type="stmt"/>
      <line num="76" count="21" type="cond" truecount="1" falsecount="1"/>
      <line num="77" count="21" type="stmt"/>
      <line num="79" count="21" type="cond" truecount="4" falsecount="0"/>
      <line num="80" count="11" type="stmt"/>
      <line num="81" count="10" type="cond" truecount="4" falsecount="1"/>
      <line num="82" count="10" type="stmt"/>
      <line num="84" count="0" type="stmt"/>
      <line num="87" count="21" type="cond" truecount="4" falsecount="0"/>
      <line num="88" count="3" type="stmt"/>
      <line num="89" count="3" type="cond" truecount="1" falsecount="1"/>
      <line num="90" count="0" type="stmt"/>
      <line num="95" count="3" type="cond" truecount="1" falsecount="1"/>
      <line num="96" count="0" type="stmt"/>
      <line num="100" count="21" type="stmt"/>
      <line num="101" count="21" type="cond" truecount="1" falsecount="1"/>
      <line num="103" count="21" type="cond" truecount="1" falsecount="1"/>
      <line num="104" count="21" type="stmt"/>
      <line num="105" count="6212" type="stmt"/>
      <line num="106" count="6212" type="cond" truecount="1" falsecount="1"/>
      <line num="107" count="6212" type="stmt"/>
      <line num="108" count="6212" type="stmt"/>
      <line num="109" count="6212" type="stmt"/>
      <line num="113" count="6212" type="stmt"/>
      <line num="114" count="14745600" type="stmt"/>
      <line num="115" count="14745600" type="stmt"/>
      <line num="117" count="6212" type="stmt"/>
      <line num="124" count="21" type="stmt"/>
      <line num="128" count="10" type="cond" truecount="2" falsecount="0"/>
      <line num="129" count="10" type="cond" truecount="2" falsecount="0"/>
      <line num="131" count="10" type="stmt"/>
      <line num="132" count="10" type="stmt"/>
      <line num="133" count="2998" type="stmt"/>
      <line num="134" count="2998" type="cond" truecount="2" falsecount="0"/>
      <line num="135" count="2963" type="stmt"/>
      <line num="139" count="10" type="cond" truecount="4" falsecount="0"/>
      <line num="140" count="5" type="cond" truecount="1" falsecount="1"/>
      <line num="141" count="5" type="stmt"/>
      <line num="143" count="5" type="cond" truecount="1" falsecount="1"/>
      <line num="144" count="5" type="stmt"/>
      <line num="146" count="5" type="cond" truecount="1" falsecount="1"/>
      <line num="147" count="5" type="stmt"/>
      <line num="150" count="10" type="stmt"/>
      <line num="155" count="11" type="cond" truecount="2" falsecount="0"/>
      <line num="156" count="5" type="stmt"/>
      <line num="157" count="5" type="stmt"/>
      <line num="159" count="5" type="stmt"/>
      <line num="160" count="5" type="stmt"/>
      <line num="161" count="1665" type="stmt"/>
      <line num="162" count="1665" type="cond" truecount="2" falsecount="0"/>
      <line num="163" count="1630" type="stmt"/>
      <line num="167" count="5" type="stmt"/>
      <line num="168" count="5" type="stmt"/>
      <line num="169" count="5" type="stmt"/>
      <line num="170" count="5" type="stmt"/>
      <line num="171" count="5" type="stmt"/>
      <line num="172" count="6" type="cond" truecount="1" falsecount="1"/>
      <line num="173" count="6" type="stmt"/>
      <line num="174" count="6" type="stmt"/>
      <line num="175" count="6" type="stmt"/>
      <line num="176" count="6" type="stmt"/>
      <line num="179" count="6" type="stmt"/>
      <line num="181" count="6" type="stmt"/>
      <line num="182" count="6" type="stmt"/>
      <line num="183" count="6" type="stmt"/>
      <line num="184" count="6" type="stmt"/>
      <line num="185" count="6" type="stmt"/>
      <line num="186" count="6" type="stmt"/>
      <line num="187" count="6" type="stmt"/>
      <line num="188" count="6" type="stmt"/>
      <line num="191" count="11" type="stmt"/>
      <line num="192" count="11" type="stmt"/>
      <line num="193" count="11" type="stmt"/>
      <line num="194" count="11" type="stmt"/>
      <line num="196" count="11" type="stmt"/>
      <line num="197" count="11" type="stmt"/>
      <line num="198" count="11" type="stmt"/>
      <line num="200" count="11" type="cond" truecount="2" falsecount="0"/>
      <line num="201" count="5" type="stmt"/>
      <line num="202" count="6" type="cond" truecount="1" falsecount="1"/>
      <line num="203" count="6" type="stmt"/>
      <line num="206" count="11" type="stmt"/>
      <line num="207" count="6192" type="stmt"/>
      <line num="208" count="6192" type="stmt"/>
      <line num="213" count="11" type="stmt"/>
      <line num="214" count="11" type="stmt"/>
      <line num="215" count="11" type="stmt"/>
      <line num="216" count="11" type="stmt"/>
      <line num="217" count="11" type="stmt"/>
      <line num="218" count="11" type="stmt"/>
      <line num="220" count="11" type="stmt"/>
      <line num="222" count="11" type="stmt"/>
      <line num="226" count="15" type="stmt"/>
      <line num="227" count="15" type="stmt"/>
      <line num="229" count="15" type="stmt"/>
      <line num="230" count="15" type="stmt"/>
      <line num="231" count="15" type="stmt"/>
      <line num="234" count="15" type="cond" truecount="2" falsecount="0"/>
      <line num="236" count="15" type="stmt"/>
      <line num="237" count="15" type="stmt"/>
      <line num="238" count="15" type="stmt"/>
      <line num="239" count="15" type="stmt"/>
      <line num="241" count="15" type="stmt"/>
      <line num="242" count="15" type="cond" truecount="1" falsecount="1"/>
      <line num="245" count="15" type="cond" truecount="2" falsecount="0"/>
      <line num="247" count="15" type="cond" truecount="1" falsecount="1"/>
      <line num="248" count="15" type="stmt"/>
      <line num="250" count="0" type="stmt"/>
      <line num="253" count="15" type="stmt"/>
      <line num="254" count="5130" type="stmt"/>
      <line num="269" count="5130" type="stmt"/>
      <line num="270" count="5130" type="stmt"/>
      <line num="272" count="5130" type="cond" truecount="2" falsecount="0"/>
      <line num="273" count="5125" type="stmt"/>
      <line num="274" count="6455296" type="stmt"/>
      <line num="275" count="6455296" type="stmt"/>
      <line num="276" count="6455296" type="cond" truecount="1" falsecount="1"/>
      <line num="280" count="0" type="stmt"/>
      <line num="282" count="6455296" type="stmt"/>
      <line num="285" count="5" type="stmt"/>
      <line num="286" count="163840" type="stmt"/>
      <line num="287" count="163840" type="stmt"/>
      <line num="288" count="163840" type="cond" truecount="1" falsecount="1"/>
      <line num="292" count="0" type="stmt"/>
      <line num="294" count="163840" type="stmt"/>
      <line num="298" count="5130" type="stmt"/>
      <line num="303" count="47" type="stmt"/>
      <line num="304" count="47" type="cond" truecount="1" falsecount="1"/>
      <line num="305" count="47" type="stmt"/>
      <line num="311" count="11" type="stmt"/>
      <line num="312" count="11" type="stmt"/>
      <line num="314" count="11" type="stmt"/>
      <line num="316" count="11" type="stmt"/>
      <line num="317" count="11" type="stmt"/>
      <line num="318" count="11" type="stmt"/>
      <line num="322" count="11" type="stmt"/>
      <line num="323" count="11" type="stmt"/>
      <line num="325" count="11" type="stmt"/>
      <line num="326" count="11" type="cond" truecount="1" falsecount="1"/>
      <line num="328" count="11" type="cond" truecount="1" falsecount="1"/>
      <line num="329" count="11" type="stmt"/>
      <line num="331" count="0" type="stmt"/>
      <line num="334" count="11" type="cond" truecount="2" falsecount="0"/>
      <line num="335" count="11" type="stmt"/>
      <line num="337" count="11" type="stmt"/>
      <line num="338" count="541" type="stmt"/>
      <line num="353" count="541" type="stmt"/>
      <line num="355" count="541" type="stmt"/>
      <line num="370" count="541" type="stmt"/>
      <line num="372" count="541" type="stmt"/>
      <line num="374" count="541" type="cond" truecount="2" falsecount="0"/>
      <line num="375" count="3899392" type="stmt"/>
      <line num="376" count="3899392" type="cond" truecount="3" falsecount="1"/>
      <line num="377" count="0" type="stmt"/>
      <line num="379" count="3899392" type="stmt"/>
      <line num="380" count="3899392" type="stmt"/>
      <line num="381" count="3899392" type="stmt"/>
      <line num="382" count="3899392" type="cond" truecount="3" falsecount="1"/>
      <line num="383" count="0" type="stmt"/>
      <line num="385" count="3899392" type="stmt"/>
      <line num="386" count="3899392" type="stmt"/>
      <line num="389" count="541" type="stmt"/>
      <line num="390" count="163840" type="stmt"/>
      <line num="391" count="163840" type="stmt"/>
      <line num="392" count="163840" type="stmt"/>
      <line num="393" count="163840" type="stmt"/>
      <line num="405" count="3" type="stmt"/>
      <line num="406" count="3" type="stmt"/>
      <line num="407" count="3" type="stmt"/>
      <line num="408" count="3" type="stmt"/>
      <line num="409" count="3" type="stmt"/>
      <line num="410" count="3" type="stmt"/>
      <line num="411" count="3" type="stmt"/>
      <line num="412" count="2304" type="stmt"/>
      <line num="413" count="2304" type="stmt"/>
      <line num="414" count="2621440" type="stmt"/>
      <line num="415" count="2621440" type="cond" truecount="2" falsecount="0"/>
      <line num="416" count="2621440" type="cond" truecount="2" falsecount="0"/>
      <line num="417" count="2621440" type="cond" truecount="4" falsecount="0"/>
      <line num="418" count="2615043" type="stmt"/>
      <line num="423" count="3" type="stmt"/>
      <line num="436" count="3" type="stmt"/>
      <line num="437" count="3" type="stmt"/>
      <line num="438" count="3" type="stmt"/>
      <line num="439" count="3" type="stmt"/>
      <line num="443" count="3" type="stmt"/>
      <line num="444" count="3" type="stmt"/>
      <line num="445" count="3" type="stmt"/>
      <line num="446" count="3" type="stmt"/>
      <line num="447" count="3" type="stmt"/>
      <line num="448" count="3" type="stmt"/>
      <line num="449" count="3" type="stmt"/>
      <line num="450" count="3" type="stmt"/>
      <line num="453" count="3" type="stmt"/>
      <line num="454" count="3" type="stmt"/>
      <line num="455" count="3" type="stmt"/>
      <line num="456" count="3" type="stmt"/>
      <line num="457" count="3" type="stmt"/>
      <line num="458" count="3" type="stmt"/>
      <line num="459" count="3" type="stmt"/>
      <line num="460" count="3" type="stmt"/>
      <line num="474" count="3" type="stmt"/>
      <line num="476" count="42" type="stmt"/>
      <line num="477" count="42" type="stmt"/>
      <line num="478" count="42" type="stmt"/>
      <line num="479" count="42" type="cond" truecount="2" falsecount="0"/>
      <line num="480" count="21" type="stmt"/>
      <line num="483" count="21" type="stmt"/>
      <line num="486" count="42" type="stmt"/>
      <line num="487" count="42" type="stmt"/>
      <line num="488" count="42" type="stmt"/>
      <line num="490" count="42" type="cond" truecount="3" falsecount="1"/>
      <line num="492" count="42" type="stmt"/>
      <line num="493" count="32214" type="stmt"/>
      <line num="494" count="36610602" type="stmt"/>
      <line num="495" count="36610602" type="stmt"/>
      <line num="496" count="36610602" type="stmt"/>
      <line num="497" count="36610602" type="stmt"/>
      <line num="499" count="36610602" type="stmt"/>
      <line num="500" count="146442408" type="stmt"/>
      <line num="506" count="36610602" type="cond" truecount="4" falsecount="0"/>
      <line num="507" count="25969" type="stmt"/>
      <line num="510" count="25969" type="stmt"/>
      <line num="511" count="25969" type="stmt"/>
      <line num="512" count="25969" type="stmt"/>
      <line num="515" count="25969" type="stmt"/>
      <line num="522" count="36610602" type="cond" truecount="4" falsecount="0"/>
      <line num="523" count="26358" type="stmt"/>
      <line num="524" count="26358" type="stmt"/>
      <line num="528" count="26358" type="stmt"/>
      <line num="532" count="26358" type="stmt"/>
      <line num="533" count="26358" type="stmt"/>
      <line num="541" count="36610602" type="cond" truecount="2" falsecount="0"/>
      <line num="542" count="65593" type="stmt"/>
      <line num="546" count="65593" type="stmt"/>
      <line num="549" count="65593" type="cond" truecount="2" falsecount="0"/>
      <line num="550" count="43535" type="stmt"/>
      <line num="554" count="43535" type="stmt"/>
      <line num="555" count="43535" type="stmt"/>
      <line num="562" count="65593" type="cond" truecount="2" falsecount="0"/>
      <line num="563" count="22058" type="stmt"/>
      <line num="564" count="22058" type="stmt"/>
      <line num="568" count="22058" type="stmt"/>
      <line num="575" count="65593" type="cond" truecount="2" falsecount="0"/>
      <line num="576" count="21669" type="stmt"/>
      <line num="577" count="21669" type="stmt"/>
      <line num="580" count="21669" type="stmt"/>
      <line num="587" count="65593" type="cond" truecount="2" falsecount="0"/>
      <line num="588" count="43924" type="stmt"/>
      <line num="591" count="43924" type="stmt"/>
      <line num="592" count="43924" type="stmt"/>
      <line num="604" count="3" type="stmt"/>
      <line num="614" count="26" type="cond" truecount="3" falsecount="1"/>
      <line num="615" count="0" type="stmt"/>
      <line num="617" count="26" type="cond" truecount="2" falsecount="0"/>
      <line num="618" count="22" type="stmt"/>
      <line num="620" count="4" type="stmt"/>
      <line num="623" count="1" type="stmt"/>
    </file>
  </project>
</coverage>
