{"/home/abolanos/git/cheminfo-js/brukerconverter/src/brukerconverter.js": {"path":"/home/abolanos/git/cheminfo-js/brukerconverter/src/brukerconverter.js","statementMap":{"0":{"start":{"line":1,"column":18},"end":{"line":1,"column":43}},"1":{"start":{"line":2,"column":21},"end":{"line":2,"column":40}},"2":{"start":{"line":3,"column":14},"end":{"line":3,"column":30}},"3":{"start":{"line":5,"column":15},"end":{"line":5,"column":16}},"4":{"start":{"line":6,"column":13},"end":{"line":6,"column":14}},"5":{"start":{"line":9,"column":2},"end":{"line":9,"column":26}},"6":{"start":{"line":10,"column":16},"end":{"line":10,"column":27}},"7":{"start":{"line":12,"column":2},"end":{"line":73,"column":5}},"8":{"start":{"line":13,"column":16},"end":{"line":23,"column":5}},"9":{"start":{"line":24,"column":18},"end":{"line":35,"column":6}},"10":{"start":{"line":25,"column":6},"end":{"line":25,"column":55}},"11":{"start":{"line":25,"column":42},"end":{"line":25,"column":55}},"12":{"start":{"line":26,"column":6},"end":{"line":33,"column":7}},"13":{"start":{"line":32,"column":8},"end":{"line":32,"column":20}},"14":{"start":{"line":34,"column":6},"end":{"line":34,"column":19}},"15":{"start":{"line":36,"column":18},"end":{"line":36,"column":43}},"16":{"start":{"line":38,"column":4},"end":{"line":71,"column":5}},"17":{"start":{"line":38,"column":17},"end":{"line":38,"column":18}},"18":{"start":{"line":39,"column":21},"end":{"line":39,"column":23}},"19":{"start":{"line":40,"column":17},"end":{"line":40,"column":32}},"20":{"start":{"line":41,"column":6},"end":{"line":41,"column":55}},"21":{"start":{"line":42,"column":6},"end":{"line":42,"column":26}},"22":{"start":{"line":43,"column":23},"end":{"line":43,"column":39}},"23":{"start":{"line":44,"column":22},"end":{"line":46,"column":8}},"24":{"start":{"line":45,"column":8},"end":{"line":45,"column":50}},"25":{"start":{"line":47,"column":6},"end":{"line":52,"column":7}},"26":{"start":{"line":48,"column":8},"end":{"line":48,"column":31}},"27":{"start":{"line":49,"column":8},"end":{"line":51,"column":10}},"28":{"start":{"line":53,"column":6},"end":{"line":62,"column":7}},"29":{"start":{"line":53,"column":19},"end":{"line":53,"column":20}},"30":{"start":{"line":54,"column":18},"end":{"line":54,"column":52}},"31":{"start":{"line":55,"column":8},"end":{"line":55,"column":49}},"32":{"start":{"line":56,"column":8},"end":{"line":56,"column":28}},"33":{"start":{"line":57,"column":8},"end":{"line":61,"column":9}},"34":{"start":{"line":58,"column":10},"end":{"line":58,"column":59}},"35":{"start":{"line":60,"column":10},"end":{"line":60,"column":54}},"36":{"start":{"line":63,"column":6},"end":{"line":70,"column":9}},"37":{"start":{"line":64,"column":26},"end":{"line":64,"column":28}},"38":{"start":{"line":65,"column":8},"end":{"line":68,"column":9}},"39":{"start":{"line":65,"column":21},"end":{"line":65,"column":22}},"40":{"start":{"line":66,"column":10},"end":{"line":66,"column":27}},"41":{"start":{"line":67,"column":10},"end":{"line":67,"column":44}},"42":{"start":{"line":69,"column":8},"end":{"line":69,"column":77}},"43":{"start":{"line":72,"column":4},"end":{"line":72,"column":32}},"44":{"start":{"line":77,"column":2},"end":{"line":77,"column":26}},"45":{"start":{"line":78,"column":14},"end":{"line":78,"column":24}},"46":{"start":{"line":80,"column":2},"end":{"line":86,"column":3}},"47":{"start":{"line":81,"column":4},"end":{"line":81,"column":45}},"48":{"start":{"line":82,"column":9},"end":{"line":86,"column":3}},"49":{"start":{"line":83,"column":4},"end":{"line":83,"column":45}},"50":{"start":{"line":85,"column":4},"end":{"line":85,"column":58}},"51":{"start":{"line":87,"column":2},"end":{"line":98,"column":3}},"52":{"start":{"line":88,"column":4},"end":{"line":88,"column":18}},"53":{"start":{"line":89,"column":4},"end":{"line":94,"column":5}},"54":{"start":{"line":90,"column":6},"end":{"line":93,"column":9}},"55":{"start":{"line":95,"column":4},"end":{"line":97,"column":5}},"56":{"start":{"line":96,"column":6},"end":{"line":96,"column":28}},"57":{"start":{"line":100,"column":16},"end":{"line":100,"column":30}},"58":{"start":{"line":101,"column":2},"end":{"line":120,"column":3}},"59":{"start":{"line":103,"column":4},"end":{"line":119,"column":5}},"60":{"start":{"line":104,"column":6},"end":{"line":118,"column":7}},"61":{"start":{"line":104,"column":19},"end":{"line":104,"column":20}},"62":{"start":{"line":105,"column":23},"end":{"line":105,"column":33}},"63":{"start":{"line":106,"column":8},"end":{"line":117,"column":9}},"64":{"start":{"line":107,"column":21},"end":{"line":107,"column":34}},"65":{"start":{"line":108,"column":24},"end":{"line":111,"column":11}},"66":{"start":{"line":112,"column":10},"end":{"line":115,"column":11}},"67":{"start":{"line":112,"column":23},"end":{"line":112,"column":24}},"68":{"start":{"line":113,"column":12},"end":{"line":113,"column":39}},"69":{"start":{"line":114,"column":12},"end":{"line":114,"column":43}},"70":{"start":{"line":116,"column":10},"end":{"line":116,"column":34}},"71":{"start":{"line":122,"column":2},"end":{"line":122,"column":16}},"72":{"start":{"line":126,"column":15},"end":{"line":126,"column":52}},"73":{"start":{"line":127,"column":13},"end":{"line":127,"column":50}},"74":{"start":{"line":128,"column":13},"end":{"line":128,"column":41}},"75":{"start":{"line":129,"column":2},"end":{"line":129,"column":34}},"76":{"start":{"line":129,"column":20},"end":{"line":129,"column":34}},"77":{"start":{"line":130,"column":2},"end":{"line":135,"column":3}},"78":{"start":{"line":130,"column":15},"end":{"line":130,"column":16}},"79":{"start":{"line":131,"column":18},"end":{"line":131,"column":25}},"80":{"start":{"line":132,"column":4},"end":{"line":134,"column":5}},"81":{"start":{"line":133,"column":6},"end":{"line":133,"column":48}},"82":{"start":{"line":136,"column":2},"end":{"line":145,"column":3}},"83":{"start":{"line":137,"column":4},"end":{"line":139,"column":5}},"84":{"start":{"line":138,"column":6},"end":{"line":138,"column":57}},"85":{"start":{"line":140,"column":4},"end":{"line":142,"column":5}},"86":{"start":{"line":141,"column":6},"end":{"line":141,"column":58}},"87":{"start":{"line":143,"column":9},"end":{"line":145,"column":3}},"88":{"start":{"line":144,"column":4},"end":{"line":144,"column":42}},"89":{"start":{"line":147,"column":2},"end":{"line":147,"column":16}},"90":{"start":{"line":152,"column":2},"end":{"line":184,"column":3}},"91":{"start":{"line":153,"column":4},"end":{"line":153,"column":45}},"92":{"start":{"line":154,"column":4},"end":{"line":154,"column":43}},"93":{"start":{"line":155,"column":15},"end":{"line":155,"column":37}},"94":{"start":{"line":156,"column":4},"end":{"line":161,"column":5}},"95":{"start":{"line":156,"column":17},"end":{"line":156,"column":18}},"96":{"start":{"line":157,"column":20},"end":{"line":157,"column":27}},"97":{"start":{"line":158,"column":6},"end":{"line":160,"column":7}},"98":{"start":{"line":159,"column":8},"end":{"line":159,"column":50}},"99":{"start":{"line":162,"column":4},"end":{"line":162,"column":44}},"100":{"start":{"line":163,"column":4},"end":{"line":163,"column":75}},"101":{"start":{"line":164,"column":4},"end":{"line":164,"column":51}},"102":{"start":{"line":165,"column":4},"end":{"line":165,"column":54}},"103":{"start":{"line":166,"column":4},"end":{"line":166,"column":63}},"104":{"start":{"line":167,"column":9},"end":{"line":184,"column":3}},"105":{"start":{"line":168,"column":4},"end":{"line":168,"column":45}},"106":{"start":{"line":169,"column":4},"end":{"line":169,"column":44}},"107":{"start":{"line":170,"column":4},"end":{"line":170,"column":75}},"108":{"start":{"line":171,"column":4},"end":{"line":171,"column":52}},"109":{"start":{"line":174,"column":4},"end":{"line":174,"column":24}},"110":{"start":{"line":176,"column":4},"end":{"line":176,"column":40}},"111":{"start":{"line":177,"column":4},"end":{"line":177,"column":50}},"112":{"start":{"line":178,"column":4},"end":{"line":178,"column":28}},"113":{"start":{"line":179,"column":4},"end":{"line":179,"column":55}},"114":{"start":{"line":180,"column":4},"end":{"line":180,"column":11}},"115":{"start":{"line":181,"column":4},"end":{"line":181,"column":15}},"116":{"start":{"line":182,"column":4},"end":{"line":182,"column":43}},"117":{"start":{"line":183,"column":4},"end":{"line":183,"column":39}},"118":{"start":{"line":186,"column":2},"end":{"line":186,"column":30}},"119":{"start":{"line":187,"column":2},"end":{"line":187,"column":40}},"120":{"start":{"line":188,"column":2},"end":{"line":188,"column":24}},"121":{"start":{"line":189,"column":2},"end":{"line":189,"column":25}},"122":{"start":{"line":191,"column":21},"end":{"line":191,"column":45}},"123":{"start":{"line":192,"column":18},"end":{"line":192,"column":36}},"124":{"start":{"line":193,"column":15},"end":{"line":193,"column":76}},"125":{"start":{"line":195,"column":2},"end":{"line":199,"column":3}},"126":{"start":{"line":196,"column":4},"end":{"line":196,"column":57}},"127":{"start":{"line":197,"column":9},"end":{"line":199,"column":3}},"128":{"start":{"line":198,"column":4},"end":{"line":198,"column":55}},"129":{"start":{"line":201,"column":2},"end":{"line":204,"column":3}},"130":{"start":{"line":201,"column":15},"end":{"line":201,"column":16}},"131":{"start":{"line":202,"column":4},"end":{"line":202,"column":24}},"132":{"start":{"line":203,"column":4},"end":{"line":203,"column":44}},"133":{"start":{"line":208,"column":2},"end":{"line":208,"column":49}},"134":{"start":{"line":209,"column":2},"end":{"line":209,"column":51}},"135":{"start":{"line":210,"column":2},"end":{"line":210,"column":37}},"136":{"start":{"line":211,"column":2},"end":{"line":211,"column":38}},"137":{"start":{"line":212,"column":2},"end":{"line":212,"column":50}},"138":{"start":{"line":213,"column":2},"end":{"line":213,"column":51}},"139":{"start":{"line":215,"column":2},"end":{"line":215,"column":21}},"140":{"start":{"line":217,"column":2},"end":{"line":217,"column":16}},"141":{"start":{"line":221,"column":2},"end":{"line":221,"column":30}},"142":{"start":{"line":222,"column":12},"end":{"line":222,"column":61}},"143":{"start":{"line":224,"column":12},"end":{"line":224,"column":41}},"144":{"start":{"line":225,"column":11},"end":{"line":225,"column":39}},"145":{"start":{"line":226,"column":11},"end":{"line":226,"column":13}},"146":{"start":{"line":229,"column":15},"end":{"line":229,"column":73}},"147":{"start":{"line":231,"column":2},"end":{"line":231,"column":37}},"148":{"start":{"line":232,"column":2},"end":{"line":232,"column":25}},"149":{"start":{"line":233,"column":2},"end":{"line":233,"column":26}},"150":{"start":{"line":234,"column":2},"end":{"line":234,"column":36}},"151":{"start":{"line":235,"column":2},"end":{"line":235,"column":41}},"152":{"start":{"line":237,"column":15},"end":{"line":237,"column":50}},"153":{"start":{"line":238,"column":2},"end":{"line":238,"column":26}},"154":{"start":{"line":241,"column":21},"end":{"line":241,"column":78}},"155":{"start":{"line":243,"column":2},"end":{"line":247,"column":3}},"156":{"start":{"line":244,"column":4},"end":{"line":244,"column":27}},"157":{"start":{"line":246,"column":4},"end":{"line":246,"column":24}},"158":{"start":{"line":249,"column":2},"end":{"line":289,"column":3}},"159":{"start":{"line":249,"column":15},"end":{"line":249,"column":16}},"160":{"start":{"line":250,"column":17},"end":{"line":263,"column":5}},"161":{"start":{"line":265,"column":12},"end":{"line":265,"column":18}},"162":{"start":{"line":266,"column":17},"end":{"line":266,"column":30}},"163":{"start":{"line":268,"column":4},"end":{"line":286,"column":5}},"164":{"start":{"line":269,"column":6},"end":{"line":276,"column":7}},"165":{"start":{"line":269,"column":19},"end":{"line":269,"column":20}},"166":{"start":{"line":270,"column":8},"end":{"line":270,"column":31}},"167":{"start":{"line":271,"column":8},"end":{"line":271,"column":50}},"168":{"start":{"line":272,"column":8},"end":{"line":274,"column":9}},"169":{"start":{"line":273,"column":10},"end":{"line":273,"column":37}},"170":{"start":{"line":275,"column":8},"end":{"line":275,"column":20}},"171":{"start":{"line":278,"column":6},"end":{"line":285,"column":7}},"172":{"start":{"line":278,"column":19},"end":{"line":278,"column":25}},"173":{"start":{"line":279,"column":8},"end":{"line":279,"column":31}},"174":{"start":{"line":280,"column":8},"end":{"line":280,"column":50}},"175":{"start":{"line":281,"column":8},"end":{"line":283,"column":9}},"176":{"start":{"line":282,"column":10},"end":{"line":282,"column":37}},"177":{"start":{"line":284,"column":8},"end":{"line":284,"column":20}},"178":{"start":{"line":288,"column":4},"end":{"line":288,"column":33}},"179":{"start":{"line":293,"column":26},"end":{"line":293,"column":30}},"180":{"start":{"line":294,"column":2},"end":{"line":294,"column":79}},"181":{"start":{"line":294,"column":33},"end":{"line":294,"column":79}},"182":{"start":{"line":295,"column":15},"end":{"line":297,"column":4}},"183":{"start":{"line":299,"column":2},"end":{"line":299,"column":62}},"184":{"start":{"line":303,"column":2},"end":{"line":303,"column":30}},"185":{"start":{"line":304,"column":12},"end":{"line":304,"column":61}},"186":{"start":{"line":306,"column":12},"end":{"line":306,"column":59}},"187":{"start":{"line":308,"column":12},"end":{"line":308,"column":63}},"188":{"start":{"line":309,"column":11},"end":{"line":309,"column":40}},"189":{"start":{"line":310,"column":2},"end":{"line":310,"column":25}},"190":{"start":{"line":311,"column":2},"end":{"line":311,"column":36}},"191":{"start":{"line":315,"column":11},"end":{"line":315,"column":13}},"192":{"start":{"line":316,"column":11},"end":{"line":316,"column":24}},"193":{"start":{"line":318,"column":15},"end":{"line":318,"column":50}},"194":{"start":{"line":319,"column":2},"end":{"line":319,"column":26}},"195":{"start":{"line":321,"column":2},"end":{"line":325,"column":3}},"196":{"start":{"line":322,"column":4},"end":{"line":322,"column":27}},"197":{"start":{"line":324,"column":4},"end":{"line":324,"column":24}},"198":{"start":{"line":327,"column":21},"end":{"line":327,"column":78}},"199":{"start":{"line":328,"column":2},"end":{"line":328,"column":44}},"200":{"start":{"line":330,"column":2},"end":{"line":388,"column":3}},"201":{"start":{"line":330,"column":15},"end":{"line":330,"column":16}},"202":{"start":{"line":331,"column":17},"end":{"line":345,"column":5}},"203":{"start":{"line":346,"column":4},"end":{"line":346,"column":36}},"204":{"start":{"line":348,"column":4},"end":{"line":362,"column":6}},"205":{"start":{"line":363,"column":4},"end":{"line":363,"column":40}},"206":{"start":{"line":365,"column":12},"end":{"line":365,"column":13}},"207":{"start":{"line":367,"column":4},"end":{"line":380,"column":5}},"208":{"start":{"line":368,"column":6},"end":{"line":368,"column":27}},"209":{"start":{"line":369,"column":6},"end":{"line":371,"column":7}},"210":{"start":{"line":370,"column":8},"end":{"line":370,"column":14}},"211":{"start":{"line":372,"column":6},"end":{"line":372,"column":49}},"212":{"start":{"line":373,"column":6},"end":{"line":373,"column":45}},"213":{"start":{"line":374,"column":6},"end":{"line":374,"column":27}},"214":{"start":{"line":375,"column":6},"end":{"line":377,"column":7}},"215":{"start":{"line":376,"column":8},"end":{"line":376,"column":14}},"216":{"start":{"line":378,"column":6},"end":{"line":378,"column":53}},"217":{"start":{"line":379,"column":6},"end":{"line":379,"column":49}},"218":{"start":{"line":382,"column":4},"end":{"line":387,"column":5}},"219":{"start":{"line":383,"column":6},"end":{"line":383,"column":49}},"220":{"start":{"line":384,"column":6},"end":{"line":384,"column":45}},"221":{"start":{"line":385,"column":6},"end":{"line":385,"column":53}},"222":{"start":{"line":386,"column":6},"end":{"line":386,"column":49}},"223":{"start":{"line":398,"column":14},"end":{"line":398,"column":15}},"224":{"start":{"line":399,"column":13},"end":{"line":399,"column":31}},"225":{"start":{"line":400,"column":13},"end":{"line":400,"column":17}},"226":{"start":{"line":401,"column":14},"end":{"line":401,"column":28}},"227":{"start":{"line":402,"column":14},"end":{"line":402,"column":40}},"228":{"start":{"line":403,"column":10},"end":{"line":403,"column":26}},"229":{"start":{"line":404,"column":2},"end":{"line":415,"column":3}},"230":{"start":{"line":404,"column":15},"end":{"line":404,"column":16}},"231":{"start":{"line":405,"column":4},"end":{"line":405,"column":28}},"232":{"start":{"line":406,"column":4},"end":{"line":414,"column":5}},"233":{"start":{"line":406,"column":17},"end":{"line":406,"column":18}},"234":{"start":{"line":407,"column":6},"end":{"line":407,"column":43}},"235":{"start":{"line":408,"column":6},"end":{"line":408,"column":60}},"236":{"start":{"line":408,"column":26},"end":{"line":408,"column":60}},"237":{"start":{"line":409,"column":6},"end":{"line":409,"column":60}},"238":{"start":{"line":409,"column":26},"end":{"line":409,"column":60}},"239":{"start":{"line":410,"column":6},"end":{"line":413,"column":7}},"240":{"start":{"line":411,"column":8},"end":{"line":412,"column":76}},"241":{"start":{"line":416,"column":2},"end":{"line":425,"column":4}},"242":{"start":{"line":429,"column":14},"end":{"line":429,"column":42}},"243":{"start":{"line":430,"column":2},"end":{"line":430,"column":52}},"244":{"start":{"line":431,"column":2},"end":{"line":431,"column":17}},"245":{"start":{"line":432,"column":2},"end":{"line":432,"column":24}},"246":{"start":{"line":436,"column":14},"end":{"line":436,"column":25}},"247":{"start":{"line":437,"column":10},"end":{"line":437,"column":17}},"248":{"start":{"line":438,"column":22},"end":{"line":438,"column":24}},"249":{"start":{"line":439,"column":17},"end":{"line":439,"column":18}},"250":{"start":{"line":440,"column":20},"end":{"line":440,"column":39}},"251":{"start":{"line":441,"column":15},"end":{"line":441,"column":17}},"252":{"start":{"line":442,"column":21},"end":{"line":442,"column":29}},"253":{"start":{"line":443,"column":17},"end":{"line":443,"column":28}},"254":{"start":{"line":446,"column":11},"end":{"line":446,"column":21}},"255":{"start":{"line":447,"column":11},"end":{"line":447,"column":21}},"256":{"start":{"line":448,"column":11},"end":{"line":448,"column":37}},"257":{"start":{"line":449,"column":11},"end":{"line":449,"column":21}},"258":{"start":{"line":450,"column":11},"end":{"line":450,"column":21}},"259":{"start":{"line":451,"column":11},"end":{"line":451,"column":41}},"260":{"start":{"line":452,"column":13},"end":{"line":452,"column":23}},"261":{"start":{"line":453,"column":13},"end":{"line":453,"column":23}},"262":{"start":{"line":467,"column":2},"end":{"line":595,"column":3}},"263":{"start":{"line":467,"column":19},"end":{"line":467,"column":20}},"264":{"start":{"line":469,"column":23},"end":{"line":469,"column":25}},"265":{"start":{"line":470,"column":4},"end":{"line":470,"column":37}},"266":{"start":{"line":471,"column":15},"end":{"line":471,"column":24}},"267":{"start":{"line":472,"column":4},"end":{"line":478,"column":5}},"268":{"start":{"line":473,"column":6},"end":{"line":474,"column":72}},"269":{"start":{"line":476,"column":6},"end":{"line":477,"column":73}},"270":{"start":{"line":479,"column":16},"end":{"line":479,"column":18}},"271":{"start":{"line":480,"column":4},"end":{"line":480,"column":37}},"272":{"start":{"line":481,"column":4},"end":{"line":481,"column":31}},"273":{"start":{"line":483,"column":4},"end":{"line":483,"column":59}},"274":{"start":{"line":483,"column":50},"end":{"line":483,"column":59}},"275":{"start":{"line":485,"column":4},"end":{"line":594,"column":5}},"276":{"start":{"line":485,"column":27},"end":{"line":485,"column":28}},"277":{"start":{"line":486,"column":6},"end":{"line":593,"column":7}},"278":{"start":{"line":486,"column":23},"end":{"line":486,"column":24}},"279":{"start":{"line":487,"column":8},"end":{"line":487,"column":47}},"280":{"start":{"line":488,"column":8},"end":{"line":488,"column":51}},"281":{"start":{"line":489,"column":8},"end":{"line":489,"column":51}},"282":{"start":{"line":490,"column":8},"end":{"line":490,"column":55}},"283":{"start":{"line":492,"column":8},"end":{"line":494,"column":9}},"284":{"start":{"line":492,"column":21},"end":{"line":492,"column":22}},"285":{"start":{"line":493,"column":10},"end":{"line":493,"column":50}},"286":{"start":{"line":499,"column":8},"end":{"line":514,"column":9}},"287":{"start":{"line":500,"column":10},"end":{"line":502,"column":78}},"288":{"start":{"line":503,"column":10},"end":{"line":503,"column":28}},"289":{"start":{"line":504,"column":10},"end":{"line":504,"column":22}},"290":{"start":{"line":505,"column":10},"end":{"line":507,"column":78}},"291":{"start":{"line":508,"column":10},"end":{"line":513,"column":12}},"292":{"start":{"line":515,"column":8},"end":{"line":532,"column":9}},"293":{"start":{"line":516,"column":10},"end":{"line":516,"column":26}},"294":{"start":{"line":517,"column":10},"end":{"line":520,"column":78}},"295":{"start":{"line":521,"column":10},"end":{"line":524,"column":78}},"296":{"start":{"line":525,"column":10},"end":{"line":525,"column":32}},"297":{"start":{"line":526,"column":10},"end":{"line":531,"column":12}},"298":{"start":{"line":534,"column":8},"end":{"line":592,"column":9}},"299":{"start":{"line":535,"column":10},"end":{"line":538,"column":78}},"300":{"start":{"line":539,"column":10},"end":{"line":541,"column":78}},"301":{"start":{"line":542,"column":10},"end":{"line":554,"column":11}},"302":{"start":{"line":543,"column":12},"end":{"line":546,"column":80}},"303":{"start":{"line":547,"column":12},"end":{"line":547,"column":30}},"304":{"start":{"line":548,"column":12},"end":{"line":553,"column":14}},"305":{"start":{"line":555,"column":10},"end":{"line":567,"column":11}},"306":{"start":{"line":556,"column":12},"end":{"line":556,"column":24}},"307":{"start":{"line":557,"column":12},"end":{"line":560,"column":80}},"308":{"start":{"line":561,"column":12},"end":{"line":566,"column":14}},"309":{"start":{"line":568,"column":10},"end":{"line":579,"column":11}},"310":{"start":{"line":569,"column":12},"end":{"line":569,"column":28}},"311":{"start":{"line":570,"column":12},"end":{"line":572,"column":80}},"312":{"start":{"line":573,"column":12},"end":{"line":578,"column":14}},"313":{"start":{"line":580,"column":10},"end":{"line":591,"column":11}},"314":{"start":{"line":581,"column":12},"end":{"line":583,"column":80}},"315":{"start":{"line":584,"column":12},"end":{"line":584,"column":34}},"316":{"start":{"line":585,"column":12},"end":{"line":590,"column":14}},"317":{"start":{"line":597,"column":2},"end":{"line":603,"column":4}},"318":{"start":{"line":607,"column":2},"end":{"line":609,"column":3}},"319":{"start":{"line":608,"column":4},"end":{"line":608,"column":33}},"320":{"start":{"line":610,"column":2},"end":{"line":612,"column":3}},"321":{"start":{"line":611,"column":4},"end":{"line":611,"column":30}},"322":{"start":{"line":613,"column":2},"end":{"line":613,"column":14}},"323":{"start":{"line":616,"column":0},"end":{"line":619,"column":2}}},"fnMap":{"0":{"name":"readZIP","decl":{"start":{"line":8,"column":9},"end":{"line":8,"column":16}},"loc":{"start":{"line":8,"column":35},"end":{"line":74,"column":1}},"line":8},"1":{"name":"(anonymous_1)","decl":{"start":{"line":12,"column":48},"end":{"line":12,"column":49}},"loc":{"start":{"line":12,"column":57},"end":{"line":73,"column":3}},"line":12},"2":{"name":"(anonymous_2)","decl":{"start":{"line":24,"column":29},"end":{"line":24,"column":30}},"loc":{"start":{"line":24,"column":52},"end":{"line":35,"column":5}},"line":24},"3":{"name":"(anonymous_3)","decl":{"start":{"line":44,"column":40},"end":{"line":44,"column":41}},"loc":{"start":{"line":44,"column":63},"end":{"line":46,"column":7}},"line":44},"4":{"name":"(anonymous_4)","decl":{"start":{"line":63,"column":46},"end":{"line":63,"column":47}},"loc":{"start":{"line":63,"column":58},"end":{"line":70,"column":7}},"line":63},"5":{"name":"convert","decl":{"start":{"line":76,"column":9},"end":{"line":76,"column":16}},"loc":{"start":{"line":76,"column":39},"end":{"line":123,"column":1}},"line":76},"6":{"name":"convert1D","decl":{"start":{"line":125,"column":9},"end":{"line":125,"column":18}},"loc":{"start":{"line":125,"column":35},"end":{"line":148,"column":1}},"line":125},"7":{"name":"convert2D","decl":{"start":{"line":150,"column":9},"end":{"line":150,"column":18}},"loc":{"start":{"line":150,"column":35},"end":{"line":218,"column":1}},"line":150},"8":{"name":"setXYSpectrumData","decl":{"start":{"line":220,"column":9},"end":{"line":220,"column":26}},"loc":{"start":{"line":220,"column":55},"end":{"line":290,"column":1}},"line":220},"9":{"name":"parseData","decl":{"start":{"line":292,"column":9},"end":{"line":292,"column":18}},"loc":{"start":{"line":292,"column":34},"end":{"line":300,"column":1}},"line":292},"10":{"name":"setFIDSpectrumData","decl":{"start":{"line":302,"column":9},"end":{"line":302,"column":27}},"loc":{"start":{"line":302,"column":43},"end":{"line":389,"column":1}},"line":302},"11":{"name":"convertTo3DZ","decl":{"start":{"line":397,"column":9},"end":{"line":397,"column":21}},"loc":{"start":{"line":397,"column":31},"end":{"line":426,"column":1}},"line":397},"12":{"name":"add2D","decl":{"start":{"line":428,"column":9},"end":{"line":428,"column":14}},"loc":{"start":{"line":428,"column":23},"end":{"line":433,"column":1}},"line":428},"13":{"name":"generateContourLines","decl":{"start":{"line":435,"column":9},"end":{"line":435,"column":29}},"loc":{"start":{"line":435,"column":37},"end":{"line":604,"column":1}},"line":435},"14":{"name":"ensureIOBuffer","decl":{"start":{"line":606,"column":9},"end":{"line":606,"column":23}},"loc":{"start":{"line":606,"column":30},"end":{"line":614,"column":1}},"line":606}},"branchMap":{"0":{"loc":{"start":{"line":9,"column":12},"end":{"line":9,"column":25}},"type":"binary-expr","locations":[{"start":{"line":9,"column":12},"end":{"line":9,"column":19}},{"start":{"line":9,"column":23},"end":{"line":9,"column":25}}],"line":9},"1":{"loc":{"start":{"line":25,"column":6},"end":{"line":25,"column":55}},"type":"if","locations":[{"start":{"line":25,"column":6},"end":{"line":25,"column":55}},{"start":{"line":25,"column":6},"end":{"line":25,"column":55}}],"line":25},"2":{"loc":{"start":{"line":26,"column":6},"end":{"line":33,"column":7}},"type":"if","locations":[{"start":{"line":26,"column":6},"end":{"line":33,"column":7}},{"start":{"line":26,"column":6},"end":{"line":33,"column":7}}],"line":26},"3":{"loc":{"start":{"line":27,"column":8},"end":{"line":30,"column":36}},"type":"binary-expr","locations":[{"start":{"line":27,"column":8},"end":{"line":27,"column":36}},{"start":{"line":28,"column":8},"end":{"line":28,"column":36}},{"start":{"line":29,"column":8},"end":{"line":29,"column":35}},{"start":{"line":30,"column":8},"end":{"line":30,"column":36}}],"line":27},"4":{"loc":{"start":{"line":45,"column":15},"end":{"line":45,"column":49}},"type":"cond-expr","locations":[{"start":{"line":45,"column":37},"end":{"line":45,"column":41}},{"start":{"line":45,"column":44},"end":{"line":45,"column":49}}],"line":45},"5":{"loc":{"start":{"line":47,"column":6},"end":{"line":52,"column":7}},"type":"if","locations":[{"start":{"line":47,"column":6},"end":{"line":52,"column":7}},{"start":{"line":47,"column":6},"end":{"line":52,"column":7}}],"line":47},"6":{"loc":{"start":{"line":57,"column":8},"end":{"line":61,"column":9}},"type":"if","locations":[{"start":{"line":57,"column":8},"end":{"line":61,"column":9}},{"start":{"line":57,"column":8},"end":{"line":61,"column":9}}],"line":57},"7":{"loc":{"start":{"line":77,"column":12},"end":{"line":77,"column":25}},"type":"binary-expr","locations":[{"start":{"line":77,"column":12},"end":{"line":77,"column":19}},{"start":{"line":77,"column":23},"end":{"line":77,"column":25}}],"line":77},"8":{"loc":{"start":{"line":80,"column":2},"end":{"line":86,"column":3}},"type":"if","locations":[{"start":{"line":80,"column":2},"end":{"line":86,"column":3}},{"start":{"line":80,"column":2},"end":{"line":86,"column":3}}],"line":80},"9":{"loc":{"start":{"line":80,"column":6},"end":{"line":80,"column":43}},"type":"binary-expr","locations":[{"start":{"line":80,"column":6},"end":{"line":80,"column":21}},{"start":{"line":80,"column":25},"end":{"line":80,"column":43}}],"line":80},"10":{"loc":{"start":{"line":82,"column":9},"end":{"line":86,"column":3}},"type":"if","locations":[{"start":{"line":82,"column":9},"end":{"line":86,"column":3}},{"start":{"line":82,"column":9},"end":{"line":86,"column":3}}],"line":82},"11":{"loc":{"start":{"line":82,"column":13},"end":{"line":82,"column":70}},"type":"binary-expr","locations":[{"start":{"line":82,"column":13},"end":{"line":82,"column":30}},{"start":{"line":82,"column":34},"end":{"line":82,"column":51}},{"start":{"line":82,"column":55},"end":{"line":82,"column":70}}],"line":82},"12":{"loc":{"start":{"line":87,"column":2},"end":{"line":98,"column":3}},"type":"if","locations":[{"start":{"line":87,"column":2},"end":{"line":98,"column":3}},{"start":{"line":87,"column":2},"end":{"line":98,"column":3}}],"line":87},"13":{"loc":{"start":{"line":87,"column":6},"end":{"line":87,"column":40}},"type":"binary-expr","locations":[{"start":{"line":87,"column":6},"end":{"line":87,"column":17}},{"start":{"line":87,"column":21},"end":{"line":87,"column":40}}],"line":87},"14":{"loc":{"start":{"line":89,"column":4},"end":{"line":94,"column":5}},"type":"if","locations":[{"start":{"line":89,"column":4},"end":{"line":94,"column":5}},{"start":{"line":89,"column":4},"end":{"line":94,"column":5}}],"line":89},"15":{"loc":{"start":{"line":95,"column":4},"end":{"line":97,"column":5}},"type":"if","locations":[{"start":{"line":95,"column":4},"end":{"line":97,"column":5}},{"start":{"line":95,"column":4},"end":{"line":97,"column":5}}],"line":95},"16":{"loc":{"start":{"line":101,"column":2},"end":{"line":120,"column":3}},"type":"if","locations":[{"start":{"line":101,"column":2},"end":{"line":120,"column":3}},{"start":{"line":101,"column":2},"end":{"line":120,"column":3}}],"line":101},"17":{"loc":{"start":{"line":103,"column":4},"end":{"line":119,"column":5}},"type":"if","locations":[{"start":{"line":103,"column":4},"end":{"line":119,"column":5}},{"start":{"line":103,"column":4},"end":{"line":119,"column":5}}],"line":103},"18":{"loc":{"start":{"line":106,"column":8},"end":{"line":117,"column":9}},"type":"if","locations":[{"start":{"line":106,"column":8},"end":{"line":117,"column":9}},{"start":{"line":106,"column":8},"end":{"line":117,"column":9}}],"line":106},"19":{"loc":{"start":{"line":126,"column":25},"end":{"line":126,"column":42}},"type":"binary-expr","locations":[{"start":{"line":126,"column":25},"end":{"line":126,"column":36}},{"start":{"line":126,"column":40},"end":{"line":126,"column":42}}],"line":126},"20":{"loc":{"start":{"line":127,"column":23},"end":{"line":127,"column":40}},"type":"binary-expr","locations":[{"start":{"line":127,"column":23},"end":{"line":127,"column":34}},{"start":{"line":127,"column":38},"end":{"line":127,"column":40}}],"line":127},"21":{"loc":{"start":{"line":128,"column":25},"end":{"line":128,"column":40}},"type":"binary-expr","locations":[{"start":{"line":128,"column":25},"end":{"line":128,"column":34}},{"start":{"line":128,"column":38},"end":{"line":128,"column":40}}],"line":128},"22":{"loc":{"start":{"line":129,"column":2},"end":{"line":129,"column":34}},"type":"if","locations":[{"start":{"line":129,"column":2},"end":{"line":129,"column":34}},{"start":{"line":129,"column":2},"end":{"line":129,"column":34}}],"line":129},"23":{"loc":{"start":{"line":132,"column":4},"end":{"line":134,"column":5}},"type":"if","locations":[{"start":{"line":132,"column":4},"end":{"line":134,"column":5}},{"start":{"line":132,"column":4},"end":{"line":134,"column":5}}],"line":132},"24":{"loc":{"start":{"line":136,"column":2},"end":{"line":145,"column":3}},"type":"if","locations":[{"start":{"line":136,"column":2},"end":{"line":145,"column":3}},{"start":{"line":136,"column":2},"end":{"line":145,"column":3}}],"line":136},"25":{"loc":{"start":{"line":136,"column":6},"end":{"line":136,"column":32}},"type":"binary-expr","locations":[{"start":{"line":136,"column":6},"end":{"line":136,"column":17}},{"start":{"line":136,"column":21},"end":{"line":136,"column":32}}],"line":136},"26":{"loc":{"start":{"line":137,"column":4},"end":{"line":139,"column":5}},"type":"if","locations":[{"start":{"line":137,"column":4},"end":{"line":139,"column":5}},{"start":{"line":137,"column":4},"end":{"line":139,"column":5}}],"line":137},"27":{"loc":{"start":{"line":140,"column":4},"end":{"line":142,"column":5}},"type":"if","locations":[{"start":{"line":140,"column":4},"end":{"line":142,"column":5}},{"start":{"line":140,"column":4},"end":{"line":142,"column":5}}],"line":140},"28":{"loc":{"start":{"line":143,"column":9},"end":{"line":145,"column":3}},"type":"if","locations":[{"start":{"line":143,"column":9},"end":{"line":145,"column":3}},{"start":{"line":143,"column":9},"end":{"line":145,"column":3}}],"line":143},"29":{"loc":{"start":{"line":152,"column":2},"end":{"line":184,"column":3}},"type":"if","locations":[{"start":{"line":152,"column":2},"end":{"line":184,"column":3}},{"start":{"line":152,"column":2},"end":{"line":184,"column":3}}],"line":152},"30":{"loc":{"start":{"line":158,"column":6},"end":{"line":160,"column":7}},"type":"if","locations":[{"start":{"line":158,"column":6},"end":{"line":160,"column":7}},{"start":{"line":158,"column":6},"end":{"line":160,"column":7}}],"line":158},"31":{"loc":{"start":{"line":167,"column":9},"end":{"line":184,"column":3}},"type":"if","locations":[{"start":{"line":167,"column":9},"end":{"line":184,"column":3}},{"start":{"line":167,"column":9},"end":{"line":184,"column":3}}],"line":167},"32":{"loc":{"start":{"line":195,"column":2},"end":{"line":199,"column":3}},"type":"if","locations":[{"start":{"line":195,"column":2},"end":{"line":199,"column":3}},{"start":{"line":195,"column":2},"end":{"line":199,"column":3}}],"line":195},"33":{"loc":{"start":{"line":197,"column":9},"end":{"line":199,"column":3}},"type":"if","locations":[{"start":{"line":197,"column":9},"end":{"line":199,"column":3}},{"start":{"line":197,"column":9},"end":{"line":199,"column":3}}],"line":197},"34":{"loc":{"start":{"line":229,"column":15},"end":{"line":229,"column":73}},"type":"binary-expr","locations":[{"start":{"line":229,"column":15},"end":{"line":229,"column":37}},{"start":{"line":229,"column":41},"end":{"line":229,"column":73}}],"line":229},"35":{"loc":{"start":{"line":238,"column":11},"end":{"line":238,"column":25}},"type":"cond-expr","locations":[{"start":{"line":238,"column":20},"end":{"line":238,"column":21}},{"start":{"line":238,"column":24},"end":{"line":238,"column":25}}],"line":238},"36":{"loc":{"start":{"line":241,"column":21},"end":{"line":241,"column":78}},"type":"cond-expr","locations":[{"start":{"line":241,"column":49},"end":{"line":241,"column":74}},{"start":{"line":241,"column":77},"end":{"line":241,"column":78}}],"line":241},"37":{"loc":{"start":{"line":243,"column":2},"end":{"line":247,"column":3}},"type":"if","locations":[{"start":{"line":243,"column":2},"end":{"line":247,"column":3}},{"start":{"line":243,"column":2},"end":{"line":247,"column":3}}],"line":243},"38":{"loc":{"start":{"line":268,"column":4},"end":{"line":286,"column":5}},"type":"if","locations":[{"start":{"line":268,"column":4},"end":{"line":286,"column":5}},{"start":{"line":268,"column":4},"end":{"line":286,"column":5}}],"line":268},"39":{"loc":{"start":{"line":272,"column":8},"end":{"line":274,"column":9}},"type":"if","locations":[{"start":{"line":272,"column":8},"end":{"line":274,"column":9}},{"start":{"line":272,"column":8},"end":{"line":274,"column":9}}],"line":272},"40":{"loc":{"start":{"line":272,"column":12},"end":{"line":272,"column":76}},"type":"binary-expr","locations":[{"start":{"line":272,"column":12},"end":{"line":272,"column":43}},{"start":{"line":272,"column":47},"end":{"line":272,"column":76}}],"line":272},"41":{"loc":{"start":{"line":281,"column":8},"end":{"line":283,"column":9}},"type":"if","locations":[{"start":{"line":281,"column":8},"end":{"line":283,"column":9}},{"start":{"line":281,"column":8},"end":{"line":283,"column":9}}],"line":281},"42":{"loc":{"start":{"line":281,"column":12},"end":{"line":281,"column":76}},"type":"binary-expr","locations":[{"start":{"line":281,"column":12},"end":{"line":281,"column":43}},{"start":{"line":281,"column":47},"end":{"line":281,"column":76}}],"line":281},"43":{"loc":{"start":{"line":294,"column":2},"end":{"line":294,"column":79}},"type":"if","locations":[{"start":{"line":294,"column":2},"end":{"line":294,"column":79}},{"start":{"line":294,"column":2},"end":{"line":294,"column":79}}],"line":294},"44":{"loc":{"start":{"line":299,"column":9},"end":{"line":299,"column":61}},"type":"cond-expr","locations":[{"start":{"line":299,"column":39},"end":{"line":299,"column":41}},{"start":{"line":299,"column":44},"end":{"line":299,"column":61}}],"line":299},"45":{"loc":{"start":{"line":319,"column":11},"end":{"line":319,"column":25}},"type":"cond-expr","locations":[{"start":{"line":319,"column":20},"end":{"line":319,"column":21}},{"start":{"line":319,"column":24},"end":{"line":319,"column":25}}],"line":319},"46":{"loc":{"start":{"line":321,"column":2},"end":{"line":325,"column":3}},"type":"if","locations":[{"start":{"line":321,"column":2},"end":{"line":325,"column":3}},{"start":{"line":321,"column":2},"end":{"line":325,"column":3}}],"line":321},"47":{"loc":{"start":{"line":327,"column":21},"end":{"line":327,"column":78}},"type":"cond-expr","locations":[{"start":{"line":327,"column":49},"end":{"line":327,"column":74}},{"start":{"line":327,"column":77},"end":{"line":327,"column":78}}],"line":327},"48":{"loc":{"start":{"line":337,"column":15},"end":{"line":337,"column":66}},"type":"cond-expr","locations":[{"start":{"line":337,"column":36},"end":{"line":337,"column":54}},{"start":{"line":337,"column":57},"end":{"line":337,"column":66}}],"line":337},"49":{"loc":{"start":{"line":354,"column":15},"end":{"line":354,"column":66}},"type":"cond-expr","locations":[{"start":{"line":354,"column":36},"end":{"line":354,"column":54}},{"start":{"line":354,"column":57},"end":{"line":354,"column":66}}],"line":354},"50":{"loc":{"start":{"line":367,"column":16},"end":{"line":367,"column":43}},"type":"binary-expr","locations":[{"start":{"line":367,"column":16},"end":{"line":367,"column":33}},{"start":{"line":367,"column":37},"end":{"line":367,"column":43}}],"line":367},"51":{"loc":{"start":{"line":369,"column":6},"end":{"line":371,"column":7}},"type":"if","locations":[{"start":{"line":369,"column":6},"end":{"line":371,"column":7}},{"start":{"line":369,"column":6},"end":{"line":371,"column":7}}],"line":369},"52":{"loc":{"start":{"line":369,"column":10},"end":{"line":369,"column":32}},"type":"binary-expr","locations":[{"start":{"line":369,"column":10},"end":{"line":369,"column":20}},{"start":{"line":369,"column":24},"end":{"line":369,"column":32}}],"line":369},"53":{"loc":{"start":{"line":375,"column":6},"end":{"line":377,"column":7}},"type":"if","locations":[{"start":{"line":375,"column":6},"end":{"line":377,"column":7}},{"start":{"line":375,"column":6},"end":{"line":377,"column":7}}],"line":375},"54":{"loc":{"start":{"line":375,"column":10},"end":{"line":375,"column":32}},"type":"binary-expr","locations":[{"start":{"line":375,"column":10},"end":{"line":375,"column":20}},{"start":{"line":375,"column":24},"end":{"line":375,"column":32}}],"line":375},"55":{"loc":{"start":{"line":408,"column":6},"end":{"line":408,"column":60}},"type":"if","locations":[{"start":{"line":408,"column":6},"end":{"line":408,"column":60}},{"start":{"line":408,"column":6},"end":{"line":408,"column":60}}],"line":408},"56":{"loc":{"start":{"line":409,"column":6},"end":{"line":409,"column":60}},"type":"if","locations":[{"start":{"line":409,"column":6},"end":{"line":409,"column":60}},{"start":{"line":409,"column":6},"end":{"line":409,"column":60}}],"line":409},"57":{"loc":{"start":{"line":410,"column":6},"end":{"line":413,"column":7}},"type":"if","locations":[{"start":{"line":410,"column":6},"end":{"line":413,"column":7}},{"start":{"line":410,"column":6},"end":{"line":413,"column":7}}],"line":410},"58":{"loc":{"start":{"line":410,"column":10},"end":{"line":410,"column":28}},"type":"binary-expr","locations":[{"start":{"line":410,"column":10},"end":{"line":410,"column":17}},{"start":{"line":410,"column":21},"end":{"line":410,"column":28}}],"line":410},"59":{"loc":{"start":{"line":472,"column":4},"end":{"line":478,"column":5}},"type":"if","locations":[{"start":{"line":472,"column":4},"end":{"line":478,"column":5}},{"start":{"line":472,"column":4},"end":{"line":478,"column":5}}],"line":472},"60":{"loc":{"start":{"line":483,"column":4},"end":{"line":483,"column":59}},"type":"if","locations":[{"start":{"line":483,"column":4},"end":{"line":483,"column":59}},{"start":{"line":483,"column":4},"end":{"line":483,"column":59}}],"line":483},"61":{"loc":{"start":{"line":483,"column":8},"end":{"line":483,"column":48}},"type":"binary-expr","locations":[{"start":{"line":483,"column":8},"end":{"line":483,"column":26}},{"start":{"line":483,"column":30},"end":{"line":483,"column":48}}],"line":483},"62":{"loc":{"start":{"line":499,"column":8},"end":{"line":514,"column":9}},"type":"if","locations":[{"start":{"line":499,"column":8},"end":{"line":514,"column":9}},{"start":{"line":499,"column":8},"end":{"line":514,"column":9}}],"line":499},"63":{"loc":{"start":{"line":499,"column":12},"end":{"line":499,"column":62}},"type":"binary-expr","locations":[{"start":{"line":499,"column":12},"end":{"line":499,"column":35}},{"start":{"line":499,"column":39},"end":{"line":499,"column":62}}],"line":499},"64":{"loc":{"start":{"line":515,"column":8},"end":{"line":532,"column":9}},"type":"if","locations":[{"start":{"line":515,"column":8},"end":{"line":532,"column":9}},{"start":{"line":515,"column":8},"end":{"line":532,"column":9}}],"line":515},"65":{"loc":{"start":{"line":515,"column":12},"end":{"line":515,"column":62}},"type":"binary-expr","locations":[{"start":{"line":515,"column":12},"end":{"line":515,"column":35}},{"start":{"line":515,"column":39},"end":{"line":515,"column":62}}],"line":515},"66":{"loc":{"start":{"line":534,"column":8},"end":{"line":592,"column":9}},"type":"if","locations":[{"start":{"line":534,"column":8},"end":{"line":592,"column":9}},{"start":{"line":534,"column":8},"end":{"line":592,"column":9}}],"line":534},"67":{"loc":{"start":{"line":542,"column":10},"end":{"line":554,"column":11}},"type":"if","locations":[{"start":{"line":542,"column":10},"end":{"line":554,"column":11}},{"start":{"line":542,"column":10},"end":{"line":554,"column":11}}],"line":542},"68":{"loc":{"start":{"line":555,"column":10},"end":{"line":567,"column":11}},"type":"if","locations":[{"start":{"line":555,"column":10},"end":{"line":567,"column":11}},{"start":{"line":555,"column":10},"end":{"line":567,"column":11}}],"line":555},"69":{"loc":{"start":{"line":568,"column":10},"end":{"line":579,"column":11}},"type":"if","locations":[{"start":{"line":568,"column":10},"end":{"line":579,"column":11}},{"start":{"line":568,"column":10},"end":{"line":579,"column":11}}],"line":568},"70":{"loc":{"start":{"line":580,"column":10},"end":{"line":591,"column":11}},"type":"if","locations":[{"start":{"line":580,"column":10},"end":{"line":591,"column":11}},{"start":{"line":580,"column":10},"end":{"line":591,"column":11}}],"line":580},"71":{"loc":{"start":{"line":607,"column":2},"end":{"line":609,"column":3}},"type":"if","locations":[{"start":{"line":607,"column":2},"end":{"line":609,"column":3}},{"start":{"line":607,"column":2},"end":{"line":609,"column":3}}],"line":607},"72":{"loc":{"start":{"line":607,"column":6},"end":{"line":607,"column":57}},"type":"binary-expr","locations":[{"start":{"line":607,"column":6},"end":{"line":607,"column":27}},{"start":{"line":607,"column":31},"end":{"line":607,"column":57}}],"line":607},"73":{"loc":{"start":{"line":610,"column":2},"end":{"line":612,"column":3}},"type":"if","locations":[{"start":{"line":610,"column":2},"end":{"line":612,"column":3}},{"start":{"line":610,"column":2},"end":{"line":612,"column":3}}],"line":610}},"s":{"0":1,"1":1,"2":1,"3":1,"4":1,"5":4,"6":4,"7":4,"8":4,"9":4,"10":238,"11":3,"12":235,"13":18,"14":217,"15":4,"16":4,"17":4,"18":18,"19":18,"20":18,"21":18,"22":18,"23":18,"24":300,"25":18,"26":8,"27":8,"28":18,"29":18,"30":50,"31":50,"32":50,"33":50,"34":22,"35":28,"36":18,"37":18,"38":18,"39":18,"40":58,"41":58,"42":18,"43":4,"44":21,"45":21,"46":21,"47":11,"48":10,"49":10,"50":0,"51":21,"52":3,"53":3,"54":0,"55":3,"56":0,"57":21,"58":21,"59":21,"60":21,"61":21,"62":6212,"63":6212,"64":6212,"65":6212,"66":6212,"67":6212,"68":14745600,"69":14745600,"70":6212,"71":21,"72":10,"73":10,"74":10,"75":10,"76":4,"77":10,"78":10,"79":2988,"80":2988,"81":1630,"82":10,"83":5,"84":5,"85":5,"86":5,"87":5,"88":5,"89":10,"90":11,"91":5,"92":5,"93":5,"94":5,"95":5,"96":1660,"97":1660,"98":1630,"99":5,"100":5,"101":5,"102":5,"103":5,"104":6,"105":6,"106":6,"107":6,"108":6,"109":6,"110":6,"111":6,"112":6,"113":6,"114":6,"115":6,"116":6,"117":6,"118":11,"119":11,"120":11,"121":11,"122":11,"123":11,"124":11,"125":11,"126":5,"127":6,"128":6,"129":11,"130":11,"131":6192,"132":6192,"133":11,"134":11,"135":11,"136":11,"137":11,"138":11,"139":11,"140":11,"141":15,"142":15,"143":15,"144":15,"145":15,"146":15,"147":15,"148":15,"149":15,"150":15,"151":15,"152":15,"153":15,"154":15,"155":15,"156":15,"157":0,"158":15,"159":15,"160":5130,"161":5130,"162":5130,"163":5130,"164":5125,"165":5125,"166":6455296,"167":6455296,"168":6455296,"169":0,"170":6455296,"171":5,"172":5,"173":163840,"174":163840,"175":163840,"176":0,"177":163840,"178":5130,"179":47,"180":47,"181":0,"182":47,"183":47,"184":11,"185":11,"186":11,"187":11,"188":11,"189":11,"190":11,"191":11,"192":11,"193":11,"194":11,"195":11,"196":11,"197":0,"198":11,"199":11,"200":11,"201":11,"202":541,"203":541,"204":541,"205":541,"206":541,"207":541,"208":3899392,"209":3899392,"210":0,"211":3899392,"212":3899392,"213":3899392,"214":3899392,"215":0,"216":3899392,"217":3899392,"218":541,"219":163840,"220":163840,"221":163840,"222":163840,"223":3,"224":3,"225":3,"226":3,"227":3,"228":3,"229":3,"230":3,"231":2304,"232":2304,"233":2304,"234":2621440,"235":2621440,"236":178,"237":2621440,"238":105,"239":2621440,"240":2615043,"241":3,"242":3,"243":3,"244":3,"245":3,"246":3,"247":3,"248":3,"249":3,"250":3,"251":3,"252":3,"253":3,"254":3,"255":3,"256":3,"257":3,"258":3,"259":3,"260":3,"261":3,"262":3,"263":3,"264":42,"265":42,"266":42,"267":42,"268":21,"269":21,"270":42,"271":42,"272":42,"273":42,"274":0,"275":42,"276":42,"277":32214,"278":32214,"279":36610602,"280":36610602,"281":36610602,"282":36610602,"283":36610602,"284":36610602,"285":146442408,"286":36610602,"287":25969,"288":25969,"289":25969,"290":25969,"291":25969,"292":36610602,"293":26358,"294":26358,"295":26358,"296":26358,"297":26358,"298":36610602,"299":65593,"300":65593,"301":65593,"302":43535,"303":43535,"304":43535,"305":65593,"306":22058,"307":22058,"308":22058,"309":65593,"310":21669,"311":21669,"312":21669,"313":65593,"314":43924,"315":43924,"316":43924,"317":3,"318":26,"319":0,"320":26,"321":22,"322":4,"323":1},"f":{"0":4,"1":4,"2":238,"3":300,"4":18,"5":21,"6":10,"7":11,"8":15,"9":47,"10":11,"11":3,"12":3,"13":3,"14":26},"b":{"0":[4,0],"1":[3,235],"2":[18,217],"3":[235,229,225,221],"4":[50,250],"5":[8,10],"6":[22,28],"7":[21,0],"8":[11,10],"9":[21,14],"10":[10,0],"11":[10,5,5],"12":[3,18],"13":[21,11],"14":[0,3],"15":[0,3],"16":[21,0],"17":[21,0],"18":[6212,0],"19":[10,4],"20":[10,1],"21":[10,1],"22":[4,6],"23":[1630,1358],"24":[5,5],"25":[10,5],"26":[5,0],"27":[5,0],"28":[5,0],"29":[5,6],"30":[1630,30],"31":[6,0],"32":[5,6],"33":[6,0],"34":[15,15],"35":[0,15],"36":[5,10],"37":[15,0],"38":[5125,5],"39":[0,6455296],"40":[6455296,6455296],"41":[0,163840],"42":[163840,163840],"43":[0,47],"44":[5,42],"45":[0,11],"46":[11,0],"47":[6,5],"48":[541,0],"49":[541,0],"50":[3899933,3899922],"51":[0,3899392],"52":[3899392,3899392],"53":[0,3899392],"54":[3899392,3899392],"55":[178,2621262],"56":[105,2621335],"57":[2615043,6397],"58":[2621440,2617344],"59":[21,21],"60":[0,42],"61":[42,42],"62":[25969,36584633],"63":[36610602,69504],"64":[26358,36584244],"65":[36610602,48027],"66":[65593,36545009],"67":[43535,22058],"68":[22058,43535],"69":[21669,43924],"70":[43924,21669],"71":[0,26],"72":[26,26],"73":[22,4]},"_coverageSchema":"1a1c01bbd47fc00a2c39e90264f33305004495a9","hash":"b8e74cf179dabb77bcebe2535a6c4dac8980115f"}
}
