{"/Users/lpatiny/git/cheminfo/brukerconverter/src/convertTo3DZ.js": {"path":"/Users/lpatiny/git/cheminfo/brukerconverter/src/convertTo3DZ.js","statementMap":{"0":{"start":{"line":8,"column":14},"end":{"line":8,"column":15}},"1":{"start":{"line":9,"column":13},"end":{"line":9,"column":31}},"2":{"start":{"line":10,"column":13},"end":{"line":10,"column":17}},"3":{"start":{"line":11,"column":14},"end":{"line":11,"column":28}},"4":{"start":{"line":12,"column":14},"end":{"line":12,"column":40}},"5":{"start":{"line":13,"column":10},"end":{"line":13,"column":26}},"6":{"start":{"line":14,"column":2},"end":{"line":25,"column":3}},"7":{"start":{"line":14,"column":15},"end":{"line":14,"column":16}},"8":{"start":{"line":15,"column":4},"end":{"line":15,"column":28}},"9":{"start":{"line":16,"column":4},"end":{"line":24,"column":5}},"10":{"start":{"line":16,"column":17},"end":{"line":16,"column":18}},"11":{"start":{"line":17,"column":6},"end":{"line":17,"column":43}},"12":{"start":{"line":18,"column":6},"end":{"line":18,"column":60}},"13":{"start":{"line":18,"column":26},"end":{"line":18,"column":60}},"14":{"start":{"line":19,"column":6},"end":{"line":19,"column":60}},"15":{"start":{"line":19,"column":26},"end":{"line":19,"column":60}},"16":{"start":{"line":20,"column":6},"end":{"line":23,"column":7}},"17":{"start":{"line":21,"column":8},"end":{"line":22,"column":76}},"18":{"start":{"line":26,"column":17},"end":{"line":26,"column":35}},"19":{"start":{"line":27,"column":16},"end":{"line":27,"column":59}},"20":{"start":{"line":28,"column":17},"end":{"line":28,"column":37}},"21":{"start":{"line":29,"column":16},"end":{"line":29,"column":44}},"22":{"start":{"line":33,"column":2},"end":{"line":37,"column":3}},"23":{"start":{"line":34,"column":4},"end":{"line":36,"column":5}},"24":{"start":{"line":35,"column":6},"end":{"line":35,"column":25}},"25":{"start":{"line":38,"column":2},"end":{"line":40,"column":3}},"26":{"start":{"line":39,"column":4},"end":{"line":39,"column":16}},"27":{"start":{"line":42,"column":2},"end":{"line":51,"column":4}}},"fnMap":{"0":{"name":"convertTo3DZ","decl":{"start":{"line":7,"column":24},"end":{"line":7,"column":36}},"loc":{"start":{"line":7,"column":46},"end":{"line":52,"column":1}},"line":7}},"branchMap":{"0":{"loc":{"start":{"line":18,"column":6},"end":{"line":18,"column":60}},"type":"if","locations":[{"start":{"line":18,"column":6},"end":{"line":18,"column":60}},{"start":{"line":18,"column":6},"end":{"line":18,"column":60}}],"line":18},"1":{"loc":{"start":{"line":19,"column":6},"end":{"line":19,"column":60}},"type":"if","locations":[{"start":{"line":19,"column":6},"end":{"line":19,"column":60}},{"start":{"line":19,"column":6},"end":{"line":19,"column":60}}],"line":19},"2":{"loc":{"start":{"line":20,"column":6},"end":{"line":23,"column":7}},"type":"if","locations":[{"start":{"line":20,"column":6},"end":{"line":23,"column":7}},{"start":{"line":20,"column":6},"end":{"line":23,"column":7}}],"line":20},"3":{"loc":{"start":{"line":20,"column":10},"end":{"line":20,"column":28}},"type":"binary-expr","locations":[{"start":{"line":20,"column":10},"end":{"line":20,"column":17}},{"start":{"line":20,"column":21},"end":{"line":20,"column":28}}],"line":20},"4":{"loc":{"start":{"line":33,"column":2},"end":{"line":37,"column":3}},"type":"if","locations":[{"start":{"line":33,"column":2},"end":{"line":37,"column":3}},{"start":{"line":33,"column":2},"end":{"line":37,"column":3}}],"line":33},"5":{"loc":{"start":{"line":38,"column":2},"end":{"line":40,"column":3}},"type":"if","locations":[{"start":{"line":38,"column":2},"end":{"line":40,"column":3}},{"start":{"line":38,"column":2},"end":{"line":40,"column":3}}],"line":38}},"s":{"0":6,"1":6,"2":6,"3":6,"4":6,"5":6,"6":6,"7":6,"8":3712,"9":3712,"10":3712,"11":5373952,"12":5373952,"13":282,"14":5373952,"15":276,"16":5373952,"17":5361030,"18":6,"19":6,"20":6,"21":6,"22":6,"23":3,"24":3072,"25":6,"26":6,"27":6},"f":{"0":6},"b":{"0":[282,5373670],"1":[276,5373676],"2":[5361030,12922],"3":[5373952,5364736],"4":[3,3],"5":[6,0]},"_coverageSchema":"1a1c01bbd47fc00a2c39e90264f33305004495a9","hash":"823b17e838997bb7ad93b8a7dfc71378ceff6c8f"}
,"/Users/lpatiny/git/cheminfo/brukerconverter/src/generateContourLines.js": {"path":"/Users/lpatiny/git/cheminfo/brukerconverter/src/generateContourLines.js","statementMap":{"0":{"start":{"line":2,"column":14},"end":{"line":2,"column":25}},"1":{"start":{"line":3,"column":10},"end":{"line":3,"column":17}},"2":{"start":{"line":4,"column":22},"end":{"line":4,"column":24}},"3":{"start":{"line":5,"column":17},"end":{"line":5,"column":18}},"4":{"start":{"line":6,"column":20},"end":{"line":6,"column":39}},"5":{"start":{"line":7,"column":15},"end":{"line":7,"column":17}},"6":{"start":{"line":8,"column":21},"end":{"line":8,"column":29}},"7":{"start":{"line":9,"column":17},"end":{"line":9,"column":28}},"8":{"start":{"line":12,"column":11},"end":{"line":12,"column":21}},"9":{"start":{"line":13,"column":11},"end":{"line":13,"column":21}},"10":{"start":{"line":14,"column":11},"end":{"line":14,"column":37}},"11":{"start":{"line":15,"column":11},"end":{"line":15,"column":21}},"12":{"start":{"line":16,"column":11},"end":{"line":16,"column":21}},"13":{"start":{"line":17,"column":11},"end":{"line":17,"column":41}},"14":{"start":{"line":18,"column":13},"end":{"line":18,"column":23}},"15":{"start":{"line":19,"column":13},"end":{"line":19,"column":23}},"16":{"start":{"line":33,"column":2},"end":{"line":161,"column":3}},"17":{"start":{"line":33,"column":19},"end":{"line":33,"column":20}},"18":{"start":{"line":35,"column":23},"end":{"line":35,"column":25}},"19":{"start":{"line":36,"column":4},"end":{"line":36,"column":37}},"20":{"start":{"line":37,"column":15},"end":{"line":37,"column":24}},"21":{"start":{"line":38,"column":4},"end":{"line":44,"column":5}},"22":{"start":{"line":39,"column":6},"end":{"line":40,"column":72}},"23":{"start":{"line":42,"column":6},"end":{"line":43,"column":73}},"24":{"start":{"line":45,"column":16},"end":{"line":45,"column":18}},"25":{"start":{"line":46,"column":4},"end":{"line":46,"column":37}},"26":{"start":{"line":47,"column":4},"end":{"line":47,"column":31}},"27":{"start":{"line":49,"column":4},"end":{"line":49,"column":59}},"28":{"start":{"line":49,"column":50},"end":{"line":49,"column":59}},"29":{"start":{"line":51,"column":4},"end":{"line":160,"column":5}},"30":{"start":{"line":51,"column":27},"end":{"line":51,"column":28}},"31":{"start":{"line":52,"column":6},"end":{"line":159,"column":7}},"32":{"start":{"line":52,"column":23},"end":{"line":52,"column":24}},"33":{"start":{"line":53,"column":8},"end":{"line":53,"column":47}},"34":{"start":{"line":54,"column":8},"end":{"line":54,"column":51}},"35":{"start":{"line":55,"column":8},"end":{"line":55,"column":51}},"36":{"start":{"line":56,"column":8},"end":{"line":56,"column":55}},"37":{"start":{"line":58,"column":8},"end":{"line":60,"column":9}},"38":{"start":{"line":58,"column":21},"end":{"line":58,"column":22}},"39":{"start":{"line":59,"column":10},"end":{"line":59,"column":50}},"40":{"start":{"line":65,"column":8},"end":{"line":80,"column":9}},"41":{"start":{"line":66,"column":10},"end":{"line":68,"column":78}},"42":{"start":{"line":69,"column":10},"end":{"line":69,"column":28}},"43":{"start":{"line":70,"column":10},"end":{"line":70,"column":22}},"44":{"start":{"line":71,"column":10},"end":{"line":73,"column":78}},"45":{"start":{"line":74,"column":10},"end":{"line":79,"column":12}},"46":{"start":{"line":81,"column":8},"end":{"line":98,"column":9}},"47":{"start":{"line":82,"column":10},"end":{"line":82,"column":26}},"48":{"start":{"line":83,"column":10},"end":{"line":86,"column":78}},"49":{"start":{"line":87,"column":10},"end":{"line":90,"column":78}},"50":{"start":{"line":91,"column":10},"end":{"line":91,"column":32}},"51":{"start":{"line":92,"column":10},"end":{"line":97,"column":12}},"52":{"start":{"line":100,"column":8},"end":{"line":158,"column":9}},"53":{"start":{"line":101,"column":10},"end":{"line":104,"column":78}},"54":{"start":{"line":105,"column":10},"end":{"line":107,"column":78}},"55":{"start":{"line":108,"column":10},"end":{"line":120,"column":11}},"56":{"start":{"line":109,"column":12},"end":{"line":112,"column":80}},"57":{"start":{"line":113,"column":12},"end":{"line":113,"column":30}},"58":{"start":{"line":114,"column":12},"end":{"line":119,"column":14}},"59":{"start":{"line":121,"column":10},"end":{"line":133,"column":11}},"60":{"start":{"line":122,"column":12},"end":{"line":122,"column":24}},"61":{"start":{"line":123,"column":12},"end":{"line":126,"column":80}},"62":{"start":{"line":127,"column":12},"end":{"line":132,"column":14}},"63":{"start":{"line":134,"column":10},"end":{"line":145,"column":11}},"64":{"start":{"line":135,"column":12},"end":{"line":135,"column":28}},"65":{"start":{"line":136,"column":12},"end":{"line":138,"column":80}},"66":{"start":{"line":139,"column":12},"end":{"line":144,"column":14}},"67":{"start":{"line":146,"column":10},"end":{"line":157,"column":11}},"68":{"start":{"line":147,"column":12},"end":{"line":149,"column":80}},"69":{"start":{"line":150,"column":12},"end":{"line":150,"column":34}},"70":{"start":{"line":151,"column":12},"end":{"line":156,"column":14}},"71":{"start":{"line":163,"column":2},"end":{"line":169,"column":4}}},"fnMap":{"0":{"name":"generateContourLines","decl":{"start":{"line":1,"column":24},"end":{"line":1,"column":44}},"loc":{"start":{"line":1,"column":52},"end":{"line":170,"column":1}},"line":1}},"branchMap":{"0":{"loc":{"start":{"line":38,"column":4},"end":{"line":44,"column":5}},"type":"if","locations":[{"start":{"line":38,"column":4},"end":{"line":44,"column":5}},{"start":{"line":38,"column":4},"end":{"line":44,"column":5}}],"line":38},"1":{"loc":{"start":{"line":49,"column":4},"end":{"line":49,"column":59}},"type":"if","locations":[{"start":{"line":49,"column":4},"end":{"line":49,"column":59}},{"start":{"line":49,"column":4},"end":{"line":49,"column":59}}],"line":49},"2":{"loc":{"start":{"line":49,"column":8},"end":{"line":49,"column":48}},"type":"binary-expr","locations":[{"start":{"line":49,"column":8},"end":{"line":49,"column":26}},{"start":{"line":49,"column":30},"end":{"line":49,"column":48}}],"line":49},"3":{"loc":{"start":{"line":65,"column":8},"end":{"line":80,"column":9}},"type":"if","locations":[{"start":{"line":65,"column":8},"end":{"line":80,"column":9}},{"start":{"line":65,"column":8},"end":{"line":80,"column":9}}],"line":65},"4":{"loc":{"start":{"line":65,"column":12},"end":{"line":65,"column":62}},"type":"binary-expr","locations":[{"start":{"line":65,"column":12},"end":{"line":65,"column":35}},{"start":{"line":65,"column":39},"end":{"line":65,"column":62}}],"line":65},"5":{"loc":{"start":{"line":81,"column":8},"end":{"line":98,"column":9}},"type":"if","locations":[{"start":{"line":81,"column":8},"end":{"line":98,"column":9}},{"start":{"line":81,"column":8},"end":{"line":98,"column":9}}],"line":81},"6":{"loc":{"start":{"line":81,"column":12},"end":{"line":81,"column":62}},"type":"binary-expr","locations":[{"start":{"line":81,"column":12},"end":{"line":81,"column":35}},{"start":{"line":81,"column":39},"end":{"line":81,"column":62}}],"line":81},"7":{"loc":{"start":{"line":100,"column":8},"end":{"line":158,"column":9}},"type":"if","locations":[{"start":{"line":100,"column":8},"end":{"line":158,"column":9}},{"start":{"line":100,"column":8},"end":{"line":158,"column":9}}],"line":100},"8":{"loc":{"start":{"line":108,"column":10},"end":{"line":120,"column":11}},"type":"if","locations":[{"start":{"line":108,"column":10},"end":{"line":120,"column":11}},{"start":{"line":108,"column":10},"end":{"line":120,"column":11}}],"line":108},"9":{"loc":{"start":{"line":121,"column":10},"end":{"line":133,"column":11}},"type":"if","locations":[{"start":{"line":121,"column":10},"end":{"line":133,"column":11}},{"start":{"line":121,"column":10},"end":{"line":133,"column":11}}],"line":121},"10":{"loc":{"start":{"line":134,"column":10},"end":{"line":145,"column":11}},"type":"if","locations":[{"start":{"line":134,"column":10},"end":{"line":145,"column":11}},{"start":{"line":134,"column":10},"end":{"line":145,"column":11}}],"line":134},"11":{"loc":{"start":{"line":146,"column":10},"end":{"line":157,"column":11}},"type":"if","locations":[{"start":{"line":146,"column":10},"end":{"line":157,"column":11}},{"start":{"line":146,"column":10},"end":{"line":157,"column":11}}],"line":146}},"s":{"0":0,"1":0,"2":0,"3":0,"4":0,"5":0,"6":0,"7":0,"8":0,"9":0,"10":0,"11":0,"12":0,"13":0,"14":0,"15":0,"16":0,"17":0,"18":0,"19":0,"20":0,"21":0,"22":0,"23":0,"24":0,"25":0,"26":0,"27":0,"28":0,"29":0,"30":0,"31":0,"32":0,"33":0,"34":0,"35":0,"36":0,"37":0,"38":0,"39":0,"40":0,"41":0,"42":0,"43":0,"44":0,"45":0,"46":0,"47":0,"48":0,"49":0,"50":0,"51":0,"52":0,"53":0,"54":0,"55":0,"56":0,"57":0,"58":0,"59":0,"60":0,"61":0,"62":0,"63":0,"64":0,"65":0,"66":0,"67":0,"68":0,"69":0,"70":0,"71":0},"f":{"0":0},"b":{"0":[0,0],"1":[0,0],"2":[0,0],"3":[0,0],"4":[0,0],"5":[0,0],"6":[0,0],"7":[0,0],"8":[0,0],"9":[0,0],"10":[0,0],"11":[0,0]},"_coverageSchema":"1a1c01bbd47fc00a2c39e90264f33305004495a9","hash":"2620553fa305a7b68b9416549f6aa7860bdcc989"}
,"/Users/lpatiny/git/cheminfo/brukerconverter/src/index.js": {"path":"/Users/lpatiny/git/cheminfo/brukerconverter/src/index.js","statementMap":{"0":{"start":{"line":8,"column":15},"end":{"line":8,"column":16}},"1":{"start":{"line":9,"column":13},"end":{"line":9,"column":14}},"2":{"start":{"line":12,"column":16},"end":{"line":12,"column":27}},"3":{"start":{"line":14,"column":2},"end":{"line":83,"column":5}},"4":{"start":{"line":15,"column":16},"end":{"line":25,"column":5}},"5":{"start":{"line":26,"column":18},"end":{"line":37,"column":6}},"6":{"start":{"line":27,"column":6},"end":{"line":27,"column":55}},"7":{"start":{"line":27,"column":42},"end":{"line":27,"column":55}},"8":{"start":{"line":28,"column":6},"end":{"line":35,"column":7}},"9":{"start":{"line":34,"column":8},"end":{"line":34,"column":20}},"10":{"start":{"line":36,"column":6},"end":{"line":36,"column":19}},"11":{"start":{"line":38,"column":18},"end":{"line":38,"column":43}},"12":{"start":{"line":40,"column":4},"end":{"line":81,"column":5}},"13":{"start":{"line":40,"column":17},"end":{"line":40,"column":18}},"14":{"start":{"line":41,"column":21},"end":{"line":41,"column":23}},"15":{"start":{"line":42,"column":17},"end":{"line":42,"column":32}},"16":{"start":{"line":43,"column":6},"end":{"line":43,"column":55}},"17":{"start":{"line":44,"column":6},"end":{"line":44,"column":26}},"18":{"start":{"line":45,"column":23},"end":{"line":45,"column":39}},"19":{"start":{"line":46,"column":22},"end":{"line":48,"column":8}},"20":{"start":{"line":47,"column":8},"end":{"line":47,"column":50}},"21":{"start":{"line":49,"column":6},"end":{"line":59,"column":7}},"22":{"start":{"line":50,"column":8},"end":{"line":50,"column":31}},"23":{"start":{"line":51,"column":8},"end":{"line":53,"column":10}},"24":{"start":{"line":54,"column":21},"end":{"line":54,"column":72}},"25":{"start":{"line":55,"column":8},"end":{"line":58,"column":9}},"26":{"start":{"line":56,"column":10},"end":{"line":56,"column":34}},"27":{"start":{"line":57,"column":10},"end":{"line":57,"column":48}},"28":{"start":{"line":60,"column":6},"end":{"line":69,"column":7}},"29":{"start":{"line":60,"column":19},"end":{"line":60,"column":20}},"30":{"start":{"line":61,"column":18},"end":{"line":61,"column":52}},"31":{"start":{"line":62,"column":8},"end":{"line":62,"column":49}},"32":{"start":{"line":63,"column":8},"end":{"line":63,"column":28}},"33":{"start":{"line":64,"column":8},"end":{"line":68,"column":9}},"34":{"start":{"line":65,"column":10},"end":{"line":65,"column":59}},"35":{"start":{"line":67,"column":10},"end":{"line":67,"column":54}},"36":{"start":{"line":70,"column":6},"end":{"line":80,"column":9}},"37":{"start":{"line":71,"column":26},"end":{"line":71,"column":28}},"38":{"start":{"line":72,"column":8},"end":{"line":75,"column":9}},"39":{"start":{"line":72,"column":21},"end":{"line":72,"column":22}},"40":{"start":{"line":73,"column":10},"end":{"line":73,"column":27}},"41":{"start":{"line":74,"column":10},"end":{"line":74,"column":44}},"42":{"start":{"line":76,"column":8},"end":{"line":79,"column":10}},"43":{"start":{"line":82,"column":4},"end":{"line":82,"column":32}},"44":{"start":{"line":87,"column":2},"end":{"line":87,"column":26}},"45":{"start":{"line":88,"column":14},"end":{"line":88,"column":24}},"46":{"start":{"line":90,"column":2},"end":{"line":96,"column":3}},"47":{"start":{"line":91,"column":4},"end":{"line":91,"column":45}},"48":{"start":{"line":92,"column":9},"end":{"line":96,"column":3}},"49":{"start":{"line":93,"column":4},"end":{"line":93,"column":45}},"50":{"start":{"line":95,"column":4},"end":{"line":95,"column":58}},"51":{"start":{"line":98,"column":2},"end":{"line":98,"column":52}},"52":{"start":{"line":99,"column":2},"end":{"line":103,"column":3}},"53":{"start":{"line":100,"column":4},"end":{"line":100,"column":61}},"54":{"start":{"line":101,"column":4},"end":{"line":101,"column":61}},"55":{"start":{"line":102,"column":4},"end":{"line":102,"column":59}},"56":{"start":{"line":105,"column":2},"end":{"line":120,"column":3}},"57":{"start":{"line":106,"column":4},"end":{"line":106,"column":51}},"58":{"start":{"line":106,"column":42},"end":{"line":106,"column":51}},"59":{"start":{"line":108,"column":4},"end":{"line":119,"column":5}},"60":{"start":{"line":109,"column":6},"end":{"line":116,"column":7}},"61":{"start":{"line":110,"column":8},"end":{"line":110,"column":47}},"62":{"start":{"line":111,"column":13},"end":{"line":116,"column":7}},"63":{"start":{"line":115,"column":8},"end":{"line":115,"column":47}},"64":{"start":{"line":118,"column":6},"end":{"line":118,"column":45}},"65":{"start":{"line":122,"column":2},"end":{"line":133,"column":3}},"66":{"start":{"line":123,"column":4},"end":{"line":123,"column":27}},"67":{"start":{"line":124,"column":4},"end":{"line":129,"column":5}},"68":{"start":{"line":125,"column":6},"end":{"line":128,"column":9}},"69":{"start":{"line":130,"column":4},"end":{"line":132,"column":5}},"70":{"start":{"line":131,"column":6},"end":{"line":131,"column":28}},"71":{"start":{"line":135,"column":16},"end":{"line":135,"column":30}},"72":{"start":{"line":137,"column":2},"end":{"line":156,"column":3}},"73":{"start":{"line":139,"column":4},"end":{"line":155,"column":5}},"74":{"start":{"line":140,"column":6},"end":{"line":154,"column":7}},"75":{"start":{"line":140,"column":19},"end":{"line":140,"column":20}},"76":{"start":{"line":141,"column":23},"end":{"line":141,"column":33}},"77":{"start":{"line":142,"column":8},"end":{"line":153,"column":9}},"78":{"start":{"line":143,"column":21},"end":{"line":143,"column":34}},"79":{"start":{"line":144,"column":24},"end":{"line":147,"column":11}},"80":{"start":{"line":148,"column":10},"end":{"line":151,"column":11}},"81":{"start":{"line":148,"column":23},"end":{"line":148,"column":24}},"82":{"start":{"line":149,"column":12},"end":{"line":149,"column":39}},"83":{"start":{"line":150,"column":12},"end":{"line":150,"column":43}},"84":{"start":{"line":152,"column":10},"end":{"line":152,"column":34}},"85":{"start":{"line":158,"column":2},"end":{"line":158,"column":16}},"86":{"start":{"line":162,"column":15},"end":{"line":162,"column":52}},"87":{"start":{"line":163,"column":13},"end":{"line":163,"column":50}},"88":{"start":{"line":164,"column":2},"end":{"line":164,"column":49}},"89":{"start":{"line":164,"column":35},"end":{"line":164,"column":49}},"90":{"start":{"line":166,"column":2},"end":{"line":168,"column":3}},"91":{"start":{"line":167,"column":4},"end":{"line":167,"column":42}},"92":{"start":{"line":170,"column":2},"end":{"line":174,"column":3}},"93":{"start":{"line":171,"column":4},"end":{"line":173,"column":5}},"94":{"start":{"line":172,"column":6},"end":{"line":172,"column":50}},"95":{"start":{"line":176,"column":2},"end":{"line":185,"column":3}},"96":{"start":{"line":177,"column":4},"end":{"line":179,"column":5}},"97":{"start":{"line":178,"column":6},"end":{"line":178,"column":57}},"98":{"start":{"line":180,"column":4},"end":{"line":182,"column":5}},"99":{"start":{"line":181,"column":6},"end":{"line":181,"column":58}},"100":{"start":{"line":183,"column":9},"end":{"line":185,"column":3}},"101":{"start":{"line":184,"column":4},"end":{"line":184,"column":42}},"102":{"start":{"line":187,"column":2},"end":{"line":187,"column":16}},"103":{"start":{"line":192,"column":2},"end":{"line":205,"column":3}},"104":{"start":{"line":193,"column":4},"end":{"line":193,"column":45}},"105":{"start":{"line":194,"column":4},"end":{"line":194,"column":44}},"106":{"start":{"line":195,"column":4},"end":{"line":204,"column":5}},"107":{"start":{"line":196,"column":6},"end":{"line":203,"column":7}},"108":{"start":{"line":197,"column":8},"end":{"line":199,"column":9}},"109":{"start":{"line":198,"column":10},"end":{"line":198,"column":48}},"110":{"start":{"line":200,"column":8},"end":{"line":200,"column":46}},"111":{"start":{"line":201,"column":13},"end":{"line":203,"column":7}},"112":{"start":{"line":202,"column":8},"end":{"line":202,"column":44}},"113":{"start":{"line":207,"column":2},"end":{"line":207,"column":41}},"114":{"start":{"line":208,"column":2},"end":{"line":208,"column":43}},"115":{"start":{"line":209,"column":2},"end":{"line":218,"column":3}},"116":{"start":{"line":210,"column":4},"end":{"line":217,"column":5}},"117":{"start":{"line":211,"column":6},"end":{"line":213,"column":7}},"118":{"start":{"line":212,"column":8},"end":{"line":212,"column":42}},"119":{"start":{"line":214,"column":6},"end":{"line":214,"column":43}},"120":{"start":{"line":215,"column":11},"end":{"line":217,"column":5}},"121":{"start":{"line":216,"column":6},"end":{"line":216,"column":41}},"122":{"start":{"line":220,"column":2},"end":{"line":220,"column":29}},"123":{"start":{"line":220,"column":15},"end":{"line":220,"column":29}},"124":{"start":{"line":221,"column":2},"end":{"line":225,"column":3}},"125":{"start":{"line":222,"column":4},"end":{"line":224,"column":5}},"126":{"start":{"line":223,"column":6},"end":{"line":223,"column":40}},"127":{"start":{"line":227,"column":2},"end":{"line":231,"column":3}},"128":{"start":{"line":228,"column":4},"end":{"line":230,"column":5}},"129":{"start":{"line":229,"column":6},"end":{"line":229,"column":44}},"130":{"start":{"line":233,"column":2},"end":{"line":235,"column":39}},"131":{"start":{"line":237,"column":2},"end":{"line":237,"column":60}},"132":{"start":{"line":237,"column":24},"end":{"line":237,"column":60}},"133":{"start":{"line":238,"column":2},"end":{"line":238,"column":60}},"134":{"start":{"line":238,"column":24},"end":{"line":238,"column":60}},"135":{"start":{"line":239,"column":2},"end":{"line":239,"column":52}},"136":{"start":{"line":239,"column":28},"end":{"line":239,"column":52}},"137":{"start":{"line":241,"column":2},"end":{"line":241,"column":35}},"138":{"start":{"line":242,"column":2},"end":{"line":242,"column":56}},"139":{"start":{"line":243,"column":2},"end":{"line":243,"column":43}},"140":{"start":{"line":244,"column":2},"end":{"line":244,"column":30}},"141":{"start":{"line":245,"column":2},"end":{"line":245,"column":40}},"142":{"start":{"line":247,"column":21},"end":{"line":247,"column":45}},"143":{"start":{"line":248,"column":18},"end":{"line":248,"column":36}},"144":{"start":{"line":249,"column":15},"end":{"line":249,"column":76}},"145":{"start":{"line":251,"column":2},"end":{"line":255,"column":3}},"146":{"start":{"line":252,"column":4},"end":{"line":252,"column":57}},"147":{"start":{"line":253,"column":9},"end":{"line":255,"column":3}},"148":{"start":{"line":254,"column":4},"end":{"line":254,"column":55}},"149":{"start":{"line":257,"column":2},"end":{"line":260,"column":3}},"150":{"start":{"line":257,"column":15},"end":{"line":257,"column":16}},"151":{"start":{"line":258,"column":4},"end":{"line":258,"column":24}},"152":{"start":{"line":259,"column":4},"end":{"line":259,"column":44}},"153":{"start":{"line":262,"column":2},"end":{"line":262,"column":53}},"154":{"start":{"line":263,"column":2},"end":{"line":263,"column":53}},"155":{"start":{"line":264,"column":2},"end":{"line":264,"column":37}},"156":{"start":{"line":265,"column":2},"end":{"line":265,"column":38}},"157":{"start":{"line":266,"column":2},"end":{"line":266,"column":50}},"158":{"start":{"line":267,"column":2},"end":{"line":267,"column":51}},"159":{"start":{"line":268,"column":2},"end":{"line":268,"column":40}},"160":{"start":{"line":270,"column":2},"end":{"line":270,"column":16}},"161":{"start":{"line":274,"column":2},"end":{"line":274,"column":30}},"162":{"start":{"line":276,"column":11},"end":{"line":276,"column":44}},"163":{"start":{"line":277,"column":12},"end":{"line":277,"column":41}},"164":{"start":{"line":278,"column":11},"end":{"line":278,"column":39}},"165":{"start":{"line":279,"column":11},"end":{"line":279,"column":13}},"166":{"start":{"line":281,"column":15},"end":{"line":281,"column":73}},"167":{"start":{"line":283,"column":2},"end":{"line":283,"column":37}},"168":{"start":{"line":284,"column":2},"end":{"line":284,"column":36}},"169":{"start":{"line":285,"column":2},"end":{"line":285,"column":41}},"170":{"start":{"line":287,"column":15},"end":{"line":287,"column":50}},"171":{"start":{"line":288,"column":2},"end":{"line":288,"column":26}},"172":{"start":{"line":290,"column":21},"end":{"line":290,"column":78}},"173":{"start":{"line":292,"column":2},"end":{"line":296,"column":3}},"174":{"start":{"line":293,"column":4},"end":{"line":293,"column":27}},"175":{"start":{"line":295,"column":4},"end":{"line":295,"column":24}},"176":{"start":{"line":298,"column":2},"end":{"line":338,"column":3}},"177":{"start":{"line":298,"column":15},"end":{"line":298,"column":16}},"178":{"start":{"line":299,"column":17},"end":{"line":312,"column":5}},"179":{"start":{"line":314,"column":12},"end":{"line":314,"column":18}},"180":{"start":{"line":315,"column":17},"end":{"line":315,"column":30}},"181":{"start":{"line":317,"column":4},"end":{"line":335,"column":5}},"182":{"start":{"line":318,"column":6},"end":{"line":325,"column":7}},"183":{"start":{"line":318,"column":19},"end":{"line":318,"column":20}},"184":{"start":{"line":319,"column":8},"end":{"line":319,"column":31}},"185":{"start":{"line":320,"column":8},"end":{"line":320,"column":50}},"186":{"start":{"line":321,"column":8},"end":{"line":323,"column":9}},"187":{"start":{"line":322,"column":10},"end":{"line":322,"column":37}},"188":{"start":{"line":324,"column":8},"end":{"line":324,"column":20}},"189":{"start":{"line":327,"column":6},"end":{"line":334,"column":7}},"190":{"start":{"line":327,"column":19},"end":{"line":327,"column":20}},"191":{"start":{"line":328,"column":8},"end":{"line":328,"column":31}},"192":{"start":{"line":329,"column":8},"end":{"line":329,"column":50}},"193":{"start":{"line":330,"column":8},"end":{"line":332,"column":9}},"194":{"start":{"line":331,"column":10},"end":{"line":331,"column":37}},"195":{"start":{"line":333,"column":8},"end":{"line":333,"column":20}},"196":{"start":{"line":337,"column":4},"end":{"line":337,"column":33}},"197":{"start":{"line":342,"column":26},"end":{"line":342,"column":30}},"198":{"start":{"line":343,"column":2},"end":{"line":343,"column":79}},"199":{"start":{"line":343,"column":33},"end":{"line":343,"column":79}},"200":{"start":{"line":344,"column":15},"end":{"line":346,"column":4}},"201":{"start":{"line":347,"column":2},"end":{"line":347,"column":62}},"202":{"start":{"line":351,"column":2},"end":{"line":351,"column":30}},"203":{"start":{"line":352,"column":12},"end":{"line":352,"column":67}},"204":{"start":{"line":353,"column":14},"end":{"line":353,"column":69}},"205":{"start":{"line":355,"column":12},"end":{"line":355,"column":69}},"206":{"start":{"line":356,"column":11},"end":{"line":356,"column":43}},"207":{"start":{"line":357,"column":2},"end":{"line":357,"column":25}},"208":{"start":{"line":358,"column":2},"end":{"line":358,"column":36}},"209":{"start":{"line":360,"column":11},"end":{"line":360,"column":25}},"210":{"start":{"line":361,"column":11},"end":{"line":361,"column":18}},"211":{"start":{"line":363,"column":15},"end":{"line":363,"column":50}},"212":{"start":{"line":364,"column":2},"end":{"line":364,"column":26}},"213":{"start":{"line":366,"column":2},"end":{"line":370,"column":3}},"214":{"start":{"line":367,"column":4},"end":{"line":367,"column":27}},"215":{"start":{"line":369,"column":4},"end":{"line":369,"column":24}},"216":{"start":{"line":372,"column":21},"end":{"line":372,"column":78}},"217":{"start":{"line":373,"column":2},"end":{"line":373,"column":44}},"218":{"start":{"line":375,"column":2},"end":{"line":433,"column":3}},"219":{"start":{"line":375,"column":15},"end":{"line":375,"column":16}},"220":{"start":{"line":376,"column":17},"end":{"line":390,"column":5}},"221":{"start":{"line":391,"column":4},"end":{"line":391,"column":36}},"222":{"start":{"line":393,"column":4},"end":{"line":407,"column":6}},"223":{"start":{"line":408,"column":4},"end":{"line":408,"column":40}},"224":{"start":{"line":410,"column":12},"end":{"line":410,"column":13}},"225":{"start":{"line":412,"column":4},"end":{"line":425,"column":5}},"226":{"start":{"line":413,"column":6},"end":{"line":413,"column":27}},"227":{"start":{"line":414,"column":6},"end":{"line":416,"column":7}},"228":{"start":{"line":415,"column":8},"end":{"line":415,"column":14}},"229":{"start":{"line":417,"column":6},"end":{"line":417,"column":49}},"230":{"start":{"line":418,"column":6},"end":{"line":418,"column":45}},"231":{"start":{"line":419,"column":6},"end":{"line":419,"column":27}},"232":{"start":{"line":420,"column":6},"end":{"line":422,"column":7}},"233":{"start":{"line":421,"column":8},"end":{"line":421,"column":14}},"234":{"start":{"line":423,"column":6},"end":{"line":423,"column":53}},"235":{"start":{"line":424,"column":6},"end":{"line":424,"column":49}},"236":{"start":{"line":427,"column":4},"end":{"line":432,"column":5}},"237":{"start":{"line":428,"column":6},"end":{"line":428,"column":49}},"238":{"start":{"line":429,"column":6},"end":{"line":429,"column":45}},"239":{"start":{"line":430,"column":6},"end":{"line":430,"column":53}},"240":{"start":{"line":431,"column":6},"end":{"line":431,"column":49}},"241":{"start":{"line":437,"column":14},"end":{"line":437,"column":42}},"242":{"start":{"line":438,"column":2},"end":{"line":440,"column":3}},"243":{"start":{"line":439,"column":4},"end":{"line":439,"column":54}},"244":{"start":{"line":441,"column":2},"end":{"line":441,"column":24}},"245":{"start":{"line":445,"column":2},"end":{"line":447,"column":3}},"246":{"start":{"line":446,"column":4},"end":{"line":446,"column":33}},"247":{"start":{"line":448,"column":2},"end":{"line":450,"column":3}},"248":{"start":{"line":449,"column":4},"end":{"line":449,"column":30}},"249":{"start":{"line":451,"column":2},"end":{"line":451,"column":14}}},"fnMap":{"0":{"name":"convertZip","decl":{"start":{"line":11,"column":16},"end":{"line":11,"column":26}},"loc":{"start":{"line":11,"column":50},"end":{"line":84,"column":1}},"line":11},"1":{"name":"(anonymous_1)","decl":{"start":{"line":14,"column":48},"end":{"line":14,"column":49}},"loc":{"start":{"line":14,"column":57},"end":{"line":83,"column":3}},"line":14},"2":{"name":"(anonymous_2)","decl":{"start":{"line":26,"column":29},"end":{"line":26,"column":30}},"loc":{"start":{"line":26,"column":53},"end":{"line":37,"column":5}},"line":26},"3":{"name":"(anonymous_3)","decl":{"start":{"line":46,"column":40},"end":{"line":46,"column":41}},"loc":{"start":{"line":46,"column":64},"end":{"line":48,"column":7}},"line":46},"4":{"name":"(anonymous_4)","decl":{"start":{"line":70,"column":46},"end":{"line":70,"column":47}},"loc":{"start":{"line":70,"column":58},"end":{"line":80,"column":7}},"line":70},"5":{"name":"convertFolder","decl":{"start":{"line":86,"column":16},"end":{"line":86,"column":29}},"loc":{"start":{"line":86,"column":52},"end":{"line":159,"column":1}},"line":86},"6":{"name":"convert1D","decl":{"start":{"line":161,"column":9},"end":{"line":161,"column":18}},"loc":{"start":{"line":161,"column":35},"end":{"line":188,"column":1}},"line":161},"7":{"name":"convert2D","decl":{"start":{"line":190,"column":9},"end":{"line":190,"column":18}},"loc":{"start":{"line":190,"column":35},"end":{"line":271,"column":1}},"line":190},"8":{"name":"setXYSpectrumData","decl":{"start":{"line":273,"column":9},"end":{"line":273,"column":26}},"loc":{"start":{"line":273,"column":55},"end":{"line":339,"column":1}},"line":273},"9":{"name":"parseData","decl":{"start":{"line":341,"column":9},"end":{"line":341,"column":18}},"loc":{"start":{"line":341,"column":34},"end":{"line":348,"column":1}},"line":341},"10":{"name":"setFIDSpectrumData","decl":{"start":{"line":350,"column":9},"end":{"line":350,"column":27}},"loc":{"start":{"line":350,"column":43},"end":{"line":434,"column":1}},"line":350},"11":{"name":"add2D","decl":{"start":{"line":436,"column":9},"end":{"line":436,"column":14}},"loc":{"start":{"line":436,"column":32},"end":{"line":442,"column":1}},"line":436},"12":{"name":"ensureIOBuffer","decl":{"start":{"line":444,"column":9},"end":{"line":444,"column":23}},"loc":{"start":{"line":444,"column":30},"end":{"line":452,"column":1}},"line":444}},"branchMap":{"0":{"loc":{"start":{"line":11,"column":36},"end":{"line":11,"column":48}},"type":"default-arg","locations":[{"start":{"line":11,"column":46},"end":{"line":11,"column":48}}],"line":11},"1":{"loc":{"start":{"line":27,"column":6},"end":{"line":27,"column":55}},"type":"if","locations":[{"start":{"line":27,"column":6},"end":{"line":27,"column":55}},{"start":{"line":27,"column":6},"end":{"line":27,"column":55}}],"line":27},"2":{"loc":{"start":{"line":28,"column":6},"end":{"line":35,"column":7}},"type":"if","locations":[{"start":{"line":28,"column":6},"end":{"line":35,"column":7}},{"start":{"line":28,"column":6},"end":{"line":35,"column":7}}],"line":28},"3":{"loc":{"start":{"line":29,"column":8},"end":{"line":32,"column":36}},"type":"binary-expr","locations":[{"start":{"line":29,"column":8},"end":{"line":29,"column":36}},{"start":{"line":30,"column":8},"end":{"line":30,"column":36}},{"start":{"line":31,"column":8},"end":{"line":31,"column":35}},{"start":{"line":32,"column":8},"end":{"line":32,"column":36}}],"line":29},"4":{"loc":{"start":{"line":47,"column":15},"end":{"line":47,"column":49}},"type":"cond-expr","locations":[{"start":{"line":47,"column":37},"end":{"line":47,"column":41}},{"start":{"line":47,"column":44},"end":{"line":47,"column":49}}],"line":47},"5":{"loc":{"start":{"line":49,"column":6},"end":{"line":59,"column":7}},"type":"if","locations":[{"start":{"line":49,"column":6},"end":{"line":59,"column":7}},{"start":{"line":49,"column":6},"end":{"line":59,"column":7}}],"line":49},"6":{"loc":{"start":{"line":55,"column":8},"end":{"line":58,"column":9}},"type":"if","locations":[{"start":{"line":55,"column":8},"end":{"line":58,"column":9}},{"start":{"line":55,"column":8},"end":{"line":58,"column":9}}],"line":55},"7":{"loc":{"start":{"line":64,"column":8},"end":{"line":68,"column":9}},"type":"if","locations":[{"start":{"line":64,"column":8},"end":{"line":68,"column":9}},{"start":{"line":64,"column":8},"end":{"line":68,"column":9}}],"line":64},"8":{"loc":{"start":{"line":87,"column":12},"end":{"line":87,"column":25}},"type":"binary-expr","locations":[{"start":{"line":87,"column":12},"end":{"line":87,"column":19}},{"start":{"line":87,"column":23},"end":{"line":87,"column":25}}],"line":87},"9":{"loc":{"start":{"line":90,"column":2},"end":{"line":96,"column":3}},"type":"if","locations":[{"start":{"line":90,"column":2},"end":{"line":96,"column":3}},{"start":{"line":90,"column":2},"end":{"line":96,"column":3}}],"line":90},"10":{"loc":{"start":{"line":90,"column":6},"end":{"line":90,"column":43}},"type":"binary-expr","locations":[{"start":{"line":90,"column":6},"end":{"line":90,"column":21}},{"start":{"line":90,"column":25},"end":{"line":90,"column":43}}],"line":90},"11":{"loc":{"start":{"line":92,"column":9},"end":{"line":96,"column":3}},"type":"if","locations":[{"start":{"line":92,"column":9},"end":{"line":96,"column":3}},{"start":{"line":92,"column":9},"end":{"line":96,"column":3}}],"line":92},"12":{"loc":{"start":{"line":92,"column":13},"end":{"line":92,"column":70}},"type":"binary-expr","locations":[{"start":{"line":92,"column":13},"end":{"line":92,"column":30}},{"start":{"line":92,"column":34},"end":{"line":92,"column":51}},{"start":{"line":92,"column":55},"end":{"line":92,"column":70}}],"line":92},"13":{"loc":{"start":{"line":99,"column":2},"end":{"line":103,"column":3}},"type":"if","locations":[{"start":{"line":99,"column":2},"end":{"line":103,"column":3}},{"start":{"line":99,"column":2},"end":{"line":103,"column":3}}],"line":99},"14":{"loc":{"start":{"line":106,"column":4},"end":{"line":106,"column":51}},"type":"if","locations":[{"start":{"line":106,"column":4},"end":{"line":106,"column":51}},{"start":{"line":106,"column":4},"end":{"line":106,"column":51}}],"line":106},"15":{"loc":{"start":{"line":108,"column":4},"end":{"line":119,"column":5}},"type":"if","locations":[{"start":{"line":108,"column":4},"end":{"line":119,"column":5}},{"start":{"line":108,"column":4},"end":{"line":119,"column":5}}],"line":108},"16":{"loc":{"start":{"line":109,"column":6},"end":{"line":116,"column":7}},"type":"if","locations":[{"start":{"line":109,"column":6},"end":{"line":116,"column":7}},{"start":{"line":109,"column":6},"end":{"line":116,"column":7}}],"line":109},"17":{"loc":{"start":{"line":111,"column":13},"end":{"line":116,"column":7}},"type":"if","locations":[{"start":{"line":111,"column":13},"end":{"line":116,"column":7}},{"start":{"line":111,"column":13},"end":{"line":116,"column":7}}],"line":111},"18":{"loc":{"start":{"line":112,"column":8},"end":{"line":113,"column":48}},"type":"binary-expr","locations":[{"start":{"line":112,"column":8},"end":{"line":112,"column":47}},{"start":{"line":113,"column":8},"end":{"line":113,"column":48}}],"line":112},"19":{"loc":{"start":{"line":122,"column":2},"end":{"line":133,"column":3}},"type":"if","locations":[{"start":{"line":122,"column":2},"end":{"line":133,"column":3}},{"start":{"line":122,"column":2},"end":{"line":133,"column":3}}],"line":122},"20":{"loc":{"start":{"line":124,"column":4},"end":{"line":129,"column":5}},"type":"if","locations":[{"start":{"line":124,"column":4},"end":{"line":129,"column":5}},{"start":{"line":124,"column":4},"end":{"line":129,"column":5}}],"line":124},"21":{"loc":{"start":{"line":130,"column":4},"end":{"line":132,"column":5}},"type":"if","locations":[{"start":{"line":130,"column":4},"end":{"line":132,"column":5}},{"start":{"line":130,"column":4},"end":{"line":132,"column":5}}],"line":130},"22":{"loc":{"start":{"line":137,"column":2},"end":{"line":156,"column":3}},"type":"if","locations":[{"start":{"line":137,"column":2},"end":{"line":156,"column":3}},{"start":{"line":137,"column":2},"end":{"line":156,"column":3}}],"line":137},"23":{"loc":{"start":{"line":137,"column":6},"end":{"line":137,"column":29}},"type":"binary-expr","locations":[{"start":{"line":137,"column":6},"end":{"line":137,"column":16}},{"start":{"line":137,"column":20},"end":{"line":137,"column":29}}],"line":137},"24":{"loc":{"start":{"line":139,"column":4},"end":{"line":155,"column":5}},"type":"if","locations":[{"start":{"line":139,"column":4},"end":{"line":155,"column":5}},{"start":{"line":139,"column":4},"end":{"line":155,"column":5}}],"line":139},"25":{"loc":{"start":{"line":142,"column":8},"end":{"line":153,"column":9}},"type":"if","locations":[{"start":{"line":142,"column":8},"end":{"line":153,"column":9}},{"start":{"line":142,"column":8},"end":{"line":153,"column":9}}],"line":142},"26":{"loc":{"start":{"line":162,"column":25},"end":{"line":162,"column":42}},"type":"binary-expr","locations":[{"start":{"line":162,"column":25},"end":{"line":162,"column":36}},{"start":{"line":162,"column":40},"end":{"line":162,"column":42}}],"line":162},"27":{"loc":{"start":{"line":163,"column":23},"end":{"line":163,"column":40}},"type":"binary-expr","locations":[{"start":{"line":163,"column":23},"end":{"line":163,"column":34}},{"start":{"line":163,"column":38},"end":{"line":163,"column":40}}],"line":163},"28":{"loc":{"start":{"line":164,"column":2},"end":{"line":164,"column":49}},"type":"if","locations":[{"start":{"line":164,"column":2},"end":{"line":164,"column":49}},{"start":{"line":164,"column":2},"end":{"line":164,"column":49}}],"line":164},"29":{"loc":{"start":{"line":171,"column":4},"end":{"line":173,"column":5}},"type":"if","locations":[{"start":{"line":171,"column":4},"end":{"line":173,"column":5}},{"start":{"line":171,"column":4},"end":{"line":173,"column":5}}],"line":171},"30":{"loc":{"start":{"line":176,"column":2},"end":{"line":185,"column":3}},"type":"if","locations":[{"start":{"line":176,"column":2},"end":{"line":185,"column":3}},{"start":{"line":176,"column":2},"end":{"line":185,"column":3}}],"line":176},"31":{"loc":{"start":{"line":176,"column":6},"end":{"line":176,"column":32}},"type":"binary-expr","locations":[{"start":{"line":176,"column":6},"end":{"line":176,"column":17}},{"start":{"line":176,"column":21},"end":{"line":176,"column":32}}],"line":176},"32":{"loc":{"start":{"line":177,"column":4},"end":{"line":179,"column":5}},"type":"if","locations":[{"start":{"line":177,"column":4},"end":{"line":179,"column":5}},{"start":{"line":177,"column":4},"end":{"line":179,"column":5}}],"line":177},"33":{"loc":{"start":{"line":180,"column":4},"end":{"line":182,"column":5}},"type":"if","locations":[{"start":{"line":180,"column":4},"end":{"line":182,"column":5}},{"start":{"line":180,"column":4},"end":{"line":182,"column":5}}],"line":180},"34":{"loc":{"start":{"line":183,"column":9},"end":{"line":185,"column":3}},"type":"if","locations":[{"start":{"line":183,"column":9},"end":{"line":185,"column":3}},{"start":{"line":183,"column":9},"end":{"line":185,"column":3}}],"line":183},"35":{"loc":{"start":{"line":192,"column":2},"end":{"line":205,"column":3}},"type":"if","locations":[{"start":{"line":192,"column":2},"end":{"line":205,"column":3}},{"start":{"line":192,"column":2},"end":{"line":205,"column":3}}],"line":192},"36":{"loc":{"start":{"line":192,"column":6},"end":{"line":192,"column":33}},"type":"binary-expr","locations":[{"start":{"line":192,"column":6},"end":{"line":192,"column":18}},{"start":{"line":192,"column":22},"end":{"line":192,"column":33}}],"line":192},"37":{"loc":{"start":{"line":196,"column":6},"end":{"line":203,"column":7}},"type":"if","locations":[{"start":{"line":196,"column":6},"end":{"line":203,"column":7}},{"start":{"line":196,"column":6},"end":{"line":203,"column":7}}],"line":196},"38":{"loc":{"start":{"line":197,"column":8},"end":{"line":199,"column":9}},"type":"if","locations":[{"start":{"line":197,"column":8},"end":{"line":199,"column":9}},{"start":{"line":197,"column":8},"end":{"line":199,"column":9}}],"line":197},"39":{"loc":{"start":{"line":201,"column":13},"end":{"line":203,"column":7}},"type":"if","locations":[{"start":{"line":201,"column":13},"end":{"line":203,"column":7}},{"start":{"line":201,"column":13},"end":{"line":203,"column":7}}],"line":201},"40":{"loc":{"start":{"line":210,"column":4},"end":{"line":217,"column":5}},"type":"if","locations":[{"start":{"line":210,"column":4},"end":{"line":217,"column":5}},{"start":{"line":210,"column":4},"end":{"line":217,"column":5}}],"line":210},"41":{"loc":{"start":{"line":211,"column":6},"end":{"line":213,"column":7}},"type":"if","locations":[{"start":{"line":211,"column":6},"end":{"line":213,"column":7}},{"start":{"line":211,"column":6},"end":{"line":213,"column":7}}],"line":211},"42":{"loc":{"start":{"line":215,"column":11},"end":{"line":217,"column":5}},"type":"if","locations":[{"start":{"line":215,"column":11},"end":{"line":217,"column":5}},{"start":{"line":215,"column":11},"end":{"line":217,"column":5}}],"line":215},"43":{"loc":{"start":{"line":220,"column":2},"end":{"line":220,"column":29}},"type":"if","locations":[{"start":{"line":220,"column":2},"end":{"line":220,"column":29}},{"start":{"line":220,"column":2},"end":{"line":220,"column":29}}],"line":220},"44":{"loc":{"start":{"line":222,"column":4},"end":{"line":224,"column":5}},"type":"if","locations":[{"start":{"line":222,"column":4},"end":{"line":224,"column":5}},{"start":{"line":222,"column":4},"end":{"line":224,"column":5}}],"line":222},"45":{"loc":{"start":{"line":228,"column":4},"end":{"line":230,"column":5}},"type":"if","locations":[{"start":{"line":228,"column":4},"end":{"line":230,"column":5}},{"start":{"line":228,"column":4},"end":{"line":230,"column":5}}],"line":228},"46":{"loc":{"start":{"line":233,"column":29},"end":{"line":235,"column":38}},"type":"cond-expr","locations":[{"start":{"line":234,"column":6},"end":{"line":234,"column":38}},{"start":{"line":235,"column":6},"end":{"line":235,"column":38}}],"line":233},"47":{"loc":{"start":{"line":237,"column":2},"end":{"line":237,"column":60}},"type":"if","locations":[{"start":{"line":237,"column":2},"end":{"line":237,"column":60}},{"start":{"line":237,"column":2},"end":{"line":237,"column":60}}],"line":237},"48":{"loc":{"start":{"line":238,"column":2},"end":{"line":238,"column":60}},"type":"if","locations":[{"start":{"line":238,"column":2},"end":{"line":238,"column":60}},{"start":{"line":238,"column":2},"end":{"line":238,"column":60}}],"line":238},"49":{"loc":{"start":{"line":239,"column":2},"end":{"line":239,"column":52}},"type":"if","locations":[{"start":{"line":239,"column":2},"end":{"line":239,"column":52}},{"start":{"line":239,"column":2},"end":{"line":239,"column":52}}],"line":239},"50":{"loc":{"start":{"line":242,"column":19},"end":{"line":242,"column":54}},"type":"binary-expr","locations":[{"start":{"line":242,"column":19},"end":{"line":242,"column":35}},{"start":{"line":242,"column":39},"end":{"line":242,"column":54}}],"line":242},"51":{"loc":{"start":{"line":251,"column":2},"end":{"line":255,"column":3}},"type":"if","locations":[{"start":{"line":251,"column":2},"end":{"line":255,"column":3}},{"start":{"line":251,"column":2},"end":{"line":255,"column":3}}],"line":251},"52":{"loc":{"start":{"line":253,"column":9},"end":{"line":255,"column":3}},"type":"if","locations":[{"start":{"line":253,"column":9},"end":{"line":255,"column":3}},{"start":{"line":253,"column":9},"end":{"line":255,"column":3}}],"line":253},"53":{"loc":{"start":{"line":281,"column":15},"end":{"line":281,"column":73}},"type":"binary-expr","locations":[{"start":{"line":281,"column":15},"end":{"line":281,"column":37}},{"start":{"line":281,"column":41},"end":{"line":281,"column":73}}],"line":281},"54":{"loc":{"start":{"line":288,"column":11},"end":{"line":288,"column":25}},"type":"cond-expr","locations":[{"start":{"line":288,"column":20},"end":{"line":288,"column":21}},{"start":{"line":288,"column":24},"end":{"line":288,"column":25}}],"line":288},"55":{"loc":{"start":{"line":290,"column":21},"end":{"line":290,"column":78}},"type":"cond-expr","locations":[{"start":{"line":290,"column":49},"end":{"line":290,"column":74}},{"start":{"line":290,"column":77},"end":{"line":290,"column":78}}],"line":290},"56":{"loc":{"start":{"line":292,"column":2},"end":{"line":296,"column":3}},"type":"if","locations":[{"start":{"line":292,"column":2},"end":{"line":296,"column":3}},{"start":{"line":292,"column":2},"end":{"line":296,"column":3}}],"line":292},"57":{"loc":{"start":{"line":317,"column":4},"end":{"line":335,"column":5}},"type":"if","locations":[{"start":{"line":317,"column":4},"end":{"line":335,"column":5}},{"start":{"line":317,"column":4},"end":{"line":335,"column":5}}],"line":317},"58":{"loc":{"start":{"line":321,"column":8},"end":{"line":323,"column":9}},"type":"if","locations":[{"start":{"line":321,"column":8},"end":{"line":323,"column":9}},{"start":{"line":321,"column":8},"end":{"line":323,"column":9}}],"line":321},"59":{"loc":{"start":{"line":321,"column":12},"end":{"line":321,"column":76}},"type":"binary-expr","locations":[{"start":{"line":321,"column":12},"end":{"line":321,"column":43}},{"start":{"line":321,"column":47},"end":{"line":321,"column":76}}],"line":321},"60":{"loc":{"start":{"line":330,"column":8},"end":{"line":332,"column":9}},"type":"if","locations":[{"start":{"line":330,"column":8},"end":{"line":332,"column":9}},{"start":{"line":330,"column":8},"end":{"line":332,"column":9}}],"line":330},"61":{"loc":{"start":{"line":330,"column":12},"end":{"line":330,"column":76}},"type":"binary-expr","locations":[{"start":{"line":330,"column":12},"end":{"line":330,"column":43}},{"start":{"line":330,"column":47},"end":{"line":330,"column":76}}],"line":330},"62":{"loc":{"start":{"line":343,"column":2},"end":{"line":343,"column":79}},"type":"if","locations":[{"start":{"line":343,"column":2},"end":{"line":343,"column":79}},{"start":{"line":343,"column":2},"end":{"line":343,"column":79}}],"line":343},"63":{"loc":{"start":{"line":347,"column":9},"end":{"line":347,"column":61}},"type":"cond-expr","locations":[{"start":{"line":347,"column":39},"end":{"line":347,"column":41}},{"start":{"line":347,"column":44},"end":{"line":347,"column":61}}],"line":347},"64":{"loc":{"start":{"line":364,"column":11},"end":{"line":364,"column":25}},"type":"cond-expr","locations":[{"start":{"line":364,"column":20},"end":{"line":364,"column":21}},{"start":{"line":364,"column":24},"end":{"line":364,"column":25}}],"line":364},"65":{"loc":{"start":{"line":366,"column":2},"end":{"line":370,"column":3}},"type":"if","locations":[{"start":{"line":366,"column":2},"end":{"line":370,"column":3}},{"start":{"line":366,"column":2},"end":{"line":370,"column":3}}],"line":366},"66":{"loc":{"start":{"line":372,"column":21},"end":{"line":372,"column":78}},"type":"cond-expr","locations":[{"start":{"line":372,"column":49},"end":{"line":372,"column":74}},{"start":{"line":372,"column":77},"end":{"line":372,"column":78}}],"line":372},"67":{"loc":{"start":{"line":382,"column":15},"end":{"line":382,"column":66}},"type":"cond-expr","locations":[{"start":{"line":382,"column":36},"end":{"line":382,"column":54}},{"start":{"line":382,"column":57},"end":{"line":382,"column":66}}],"line":382},"68":{"loc":{"start":{"line":399,"column":15},"end":{"line":399,"column":66}},"type":"cond-expr","locations":[{"start":{"line":399,"column":36},"end":{"line":399,"column":54}},{"start":{"line":399,"column":57},"end":{"line":399,"column":66}}],"line":399},"69":{"loc":{"start":{"line":412,"column":16},"end":{"line":412,"column":43}},"type":"binary-expr","locations":[{"start":{"line":412,"column":16},"end":{"line":412,"column":33}},{"start":{"line":412,"column":37},"end":{"line":412,"column":43}}],"line":412},"70":{"loc":{"start":{"line":414,"column":6},"end":{"line":416,"column":7}},"type":"if","locations":[{"start":{"line":414,"column":6},"end":{"line":416,"column":7}},{"start":{"line":414,"column":6},"end":{"line":416,"column":7}}],"line":414},"71":{"loc":{"start":{"line":414,"column":10},"end":{"line":414,"column":32}},"type":"binary-expr","locations":[{"start":{"line":414,"column":10},"end":{"line":414,"column":20}},{"start":{"line":414,"column":24},"end":{"line":414,"column":32}}],"line":414},"72":{"loc":{"start":{"line":420,"column":6},"end":{"line":422,"column":7}},"type":"if","locations":[{"start":{"line":420,"column":6},"end":{"line":422,"column":7}},{"start":{"line":420,"column":6},"end":{"line":422,"column":7}}],"line":420},"73":{"loc":{"start":{"line":420,"column":10},"end":{"line":420,"column":32}},"type":"binary-expr","locations":[{"start":{"line":420,"column":10},"end":{"line":420,"column":20}},{"start":{"line":420,"column":24},"end":{"line":420,"column":32}}],"line":420},"74":{"loc":{"start":{"line":438,"column":2},"end":{"line":440,"column":3}},"type":"if","locations":[{"start":{"line":438,"column":2},"end":{"line":440,"column":3}},{"start":{"line":438,"column":2},"end":{"line":440,"column":3}}],"line":438},"75":{"loc":{"start":{"line":445,"column":2},"end":{"line":447,"column":3}},"type":"if","locations":[{"start":{"line":445,"column":2},"end":{"line":447,"column":3}},{"start":{"line":445,"column":2},"end":{"line":447,"column":3}}],"line":445},"76":{"loc":{"start":{"line":445,"column":6},"end":{"line":445,"column":57}},"type":"binary-expr","locations":[{"start":{"line":445,"column":6},"end":{"line":445,"column":27}},{"start":{"line":445,"column":31},"end":{"line":445,"column":57}}],"line":445},"77":{"loc":{"start":{"line":448,"column":2},"end":{"line":450,"column":3}},"type":"if","locations":[{"start":{"line":448,"column":2},"end":{"line":450,"column":3}},{"start":{"line":448,"column":2},"end":{"line":450,"column":3}}],"line":448}},"s":{"0":1,"1":1,"2":1,"3":1,"4":1,"5":1,"6":124,"7":0,"8":124,"9":10,"10":114,"11":1,"12":1,"13":1,"14":10,"15":10,"16":10,"17":10,"18":10,"19":10,"20":169,"21":10,"22":5,"23":5,"24":5,"25":5,"26":3,"27":3,"28":10,"29":10,"30":28,"31":28,"32":28,"33":28,"34":12,"35":16,"36":10,"37":10,"38":10,"39":10,"40":36,"41":36,"42":10,"43":1,"44":10,"45":10,"46":10,"47":6,"48":4,"49":4,"50":0,"51":10,"52":10,"53":10,"54":10,"55":10,"56":10,"57":3881,"58":119,"59":3762,"60":3703,"61":1480,"62":2223,"63":270,"64":59,"65":10,"66":6,"67":6,"68":0,"69":6,"70":0,"71":10,"72":10,"73":10,"74":10,"75":10,"76":3720,"77":3720,"78":3720,"79":3720,"80":3720,"81":3720,"82":5767168,"83":5767168,"84":3720,"85":10,"86":4,"87":4,"88":4,"89":2,"90":4,"91":870,"92":4,"93":1328,"94":652,"95":4,"96":2,"97":2,"98":2,"99":2,"100":2,"101":2,"102":4,"103":6,"104":3,"105":3,"106":3,"107":309,"108":309,"109":309,"110":309,"111":0,"112":0,"113":6,"114":6,"115":6,"116":1992,"117":1992,"118":1992,"119":1992,"120":0,"121":0,"122":6,"123":3,"124":6,"125":1992,"126":978,"127":6,"128":2283,"129":0,"130":6,"131":6,"132":3,"133":6,"134":3,"135":6,"136":3,"137":6,"138":6,"139":6,"140":6,"141":6,"142":6,"143":6,"144":6,"145":6,"146":3,"147":3,"148":3,"149":6,"150":6,"151":3712,"152":3712,"153":6,"154":6,"155":6,"156":6,"157":6,"158":6,"159":6,"160":6,"161":7,"162":7,"163":7,"164":7,"165":7,"166":7,"167":7,"168":7,"169":7,"170":7,"171":7,"172":7,"173":7,"174":7,"175":0,"176":7,"177":7,"178":3076,"179":3076,"180":3076,"181":3076,"182":3074,"183":3074,"184":4259840,"185":4259840,"186":4259840,"187":0,"188":4259840,"189":2,"190":2,"191":65536,"192":65536,"193":65536,"194":0,"195":65536,"196":3076,"197":26,"198":26,"199":0,"200":26,"201":26,"202":5,"203":5,"204":5,"205":5,"206":5,"207":5,"208":5,"209":5,"210":5,"211":5,"212":5,"213":5,"214":5,"215":0,"216":5,"217":5,"218":5,"219":5,"220":322,"221":322,"222":322,"223":322,"224":322,"225":322,"226":655360,"227":655360,"228":0,"229":655360,"230":655360,"231":655360,"232":655360,"233":0,"234":655360,"235":655360,"236":322,"237":65536,"238":65536,"239":65536,"240":65536,"241":6,"242":6,"243":0,"244":6,"245":12,"246":0,"247":12,"248":12,"249":0},"f":{"0":1,"1":1,"2":124,"3":169,"4":10,"5":10,"6":4,"7":6,"8":7,"9":26,"10":5,"11":6,"12":12},"b":{"0":[0],"1":[0,124],"2":[10,114],"3":[124,121,119,117],"4":[28,141],"5":[5,5],"6":[3,2],"7":[12,16],"8":[10,0],"9":[6,4],"10":[10,7],"11":[4,0],"12":[4,2,2],"13":[10,0],"14":[119,3762],"15":[3703,59],"16":[1480,2223],"17":[270,1953],"18":[2223,2211],"19":[6,4],"20":[0,6],"21":[0,6],"22":[10,0],"23":[10,10],"24":[10,0],"25":[3720,0],"26":[4,2],"27":[4,0],"28":[2,2],"29":[652,676],"30":[2,2],"31":[4,2],"32":[2,0],"33":[2,0],"34":[2,0],"35":[3,3],"36":[6,3],"37":[309,0],"38":[309,0],"39":[0,0],"40":[1992,0],"41":[1992,0],"42":[0,0],"43":[3,3],"44":[978,1014],"45":[0,2283],"46":[3,3],"47":[3,3],"48":[3,3],"49":[3,3],"50":[6,3],"51":[3,3],"52":[3,0],"53":[7,7],"54":[0,7],"55":[3,4],"56":[7,0],"57":[3074,2],"58":[0,4259840],"59":[4259840,4259840],"60":[0,65536],"61":[65536,65536],"62":[0,26],"63":[2,24],"64":[0,5],"65":[5,0],"66":[3,2],"67":[322,0],"68":[322,0],"69":[655682,655677],"70":[0,655360],"71":[655360,655360],"72":[0,655360],"73":[655360,655360],"74":[0,6],"75":[0,12],"76":[12,12],"77":[12,0]},"_coverageSchema":"1a1c01bbd47fc00a2c39e90264f33305004495a9","hash":"7f628086d77771106b7d7fc0fc11893515b3db9d"}
}
