TN:
SF:src/brukerconverter.js
FN:8,readZIP
FN:12,(anonymous_1)
FN:24,(anonymous_2)
FN:44,(anonymous_3)
FN:63,(anonymous_4)
FN:76,convert
FN:125,convert1D
FN:150,convert2D
FN:220,setXYSpectrumData
FN:298,parseData
FN:308,setFIDSpectrumData
FN:403,convertTo3DZ
FN:434,add2D
FN:441,generateContourLines
FN:612,ensureIOBuffer
FNF:15
FNH:15
FNDA:4,readZIP
FNDA:4,(anonymous_1)
FNDA:238,(anonymous_2)
FNDA:300,(anonymous_3)
FNDA:18,(anonymous_4)
FNDA:21,convert
FNDA:10,convert1D
FNDA:11,convert2D
FNDA:15,setXYSpectrumData
FNDA:47,parseData
FNDA:11,setFIDSpectrumData
FNDA:3,convertTo3DZ
FNDA:3,add2D
FNDA:3,generateContourLines
FNDA:26,ensureIOBuffer
DA:1,1
DA:2,1
DA:3,1
DA:5,1
DA:6,1
DA:7,1
DA:9,4
DA:10,4
DA:12,4
DA:13,4
DA:24,4
DA:25,238
DA:26,235
DA:32,18
DA:34,217
DA:36,4
DA:38,4
DA:39,18
DA:40,18
DA:41,18
DA:42,18
DA:43,18
DA:44,18
DA:45,300
DA:47,18
DA:48,8
DA:49,8
DA:53,18
DA:54,50
DA:55,50
DA:56,50
DA:57,50
DA:58,22
DA:60,28
DA:63,18
DA:64,18
DA:65,18
DA:66,58
DA:67,58
DA:69,18
DA:72,4
DA:77,21
DA:78,21
DA:80,21
DA:81,11
DA:82,10
DA:83,10
DA:85,0
DA:87,21
DA:88,3
DA:89,3
DA:90,0
DA:95,3
DA:96,0
DA:100,21
DA:101,21
DA:103,21
DA:104,21
DA:105,6212
DA:106,6212
DA:107,6212
DA:108,6212
DA:112,6212
DA:113,14745600
DA:114,14745600
DA:116,6212
DA:122,21
DA:126,10
DA:127,10
DA:128,10
DA:129,10
DA:130,10
DA:131,2988
DA:132,2988
DA:133,1630
DA:136,10
DA:137,5
DA:138,5
DA:140,5
DA:141,5
DA:143,5
DA:144,5
DA:147,10
DA:152,11
DA:153,5
DA:154,5
DA:155,5
DA:156,5
DA:157,1660
DA:158,1660
DA:159,1630
DA:162,5
DA:163,5
DA:164,5
DA:165,5
DA:166,5
DA:167,6
DA:168,6
DA:169,6
DA:170,6
DA:171,6
DA:174,6
DA:176,6
DA:177,6
DA:178,6
DA:179,6
DA:180,6
DA:181,6
DA:182,6
DA:183,6
DA:186,11
DA:187,11
DA:188,11
DA:189,11
DA:191,11
DA:192,11
DA:193,11
DA:195,11
DA:196,5
DA:197,6
DA:198,6
DA:201,11
DA:202,6192
DA:203,6192
DA:208,11
DA:209,11
DA:210,11
DA:211,11
DA:212,11
DA:213,11
DA:215,11
DA:217,11
DA:221,15
DA:222,15
DA:224,15
DA:225,15
DA:226,15
DA:229,15
DA:231,15
DA:232,15
DA:233,15
DA:234,15
DA:235,15
DA:237,15
DA:238,15
DA:241,15
DA:243,15
DA:244,15
DA:246,0
DA:249,15
DA:250,5130
DA:265,5130
DA:266,5130
DA:268,5130
DA:269,5125
DA:270,6455296
DA:271,6455296
DA:272,6455296
DA:276,0
DA:278,6455296
DA:281,5
DA:282,163840
DA:283,163840
DA:284,163840
DA:288,0
DA:290,163840
DA:294,5130
DA:299,47
DA:300,47
DA:301,47
DA:305,47
DA:309,11
DA:310,11
DA:312,11
DA:314,11
DA:315,11
DA:316,11
DA:317,11
DA:321,11
DA:322,11
DA:324,11
DA:325,11
DA:327,11
DA:328,11
DA:330,0
DA:333,11
DA:334,11
DA:336,11
DA:337,541
DA:352,541
DA:354,541
DA:369,541
DA:371,541
DA:373,541
DA:374,3899392
DA:375,3899392
DA:376,0
DA:378,3899392
DA:379,3899392
DA:380,3899392
DA:381,3899392
DA:382,0
DA:384,3899392
DA:385,3899392
DA:388,541
DA:389,163840
DA:390,163840
DA:391,163840
DA:392,163840
DA:404,3
DA:405,3
DA:406,3
DA:407,3
DA:408,3
DA:409,3
DA:410,3
DA:411,2304
DA:412,2304
DA:413,2621440
DA:414,2621440
DA:415,2621440
DA:416,2621440
DA:417,2615043
DA:422,3
DA:435,3
DA:436,3
DA:437,3
DA:438,3
DA:442,3
DA:443,3
DA:444,3
DA:445,3
DA:446,3
DA:447,3
DA:448,3
DA:449,3
DA:452,3
DA:453,3
DA:454,3
DA:455,3
DA:456,3
DA:457,3
DA:458,3
DA:459,3
DA:473,3
DA:475,42
DA:476,42
DA:477,42
DA:478,42
DA:479,21
DA:482,21
DA:485,42
DA:486,42
DA:487,42
DA:489,42
DA:491,42
DA:492,32214
DA:493,36610602
DA:494,36610602
DA:495,36610602
DA:496,36610602
DA:498,36610602
DA:499,146442408
DA:505,36610602
DA:506,25969
DA:509,25969
DA:510,25969
DA:511,25969
DA:514,25969
DA:521,36610602
DA:522,26358
DA:523,26358
DA:527,26358
DA:531,26358
DA:532,26358
DA:540,36610602
DA:541,65593
DA:545,65593
DA:548,65593
DA:549,43535
DA:553,43535
DA:554,43535
DA:561,65593
DA:562,22058
DA:563,22058
DA:567,22058
DA:574,65593
DA:575,21669
DA:576,21669
DA:579,21669
DA:586,65593
DA:587,43924
DA:590,43924
DA:591,43924
DA:603,3
DA:613,26
DA:614,0
DA:616,26
DA:617,22
DA:619,4
DA:622,1
LF:301
LH:291
BRDA:9,0,0,4
BRDA:9,0,1,0
BRDA:25,1,0,3
BRDA:25,1,1,235
BRDA:26,2,0,18
BRDA:26,2,1,217
BRDA:27,3,0,235
BRDA:27,3,1,229
BRDA:27,3,2,225
BRDA:27,3,3,221
BRDA:45,4,0,50
BRDA:45,4,1,250
BRDA:47,5,0,8
BRDA:47,5,1,10
BRDA:57,6,0,22
BRDA:57,6,1,28
BRDA:77,7,0,21
BRDA:77,7,1,0
BRDA:80,8,0,11
BRDA:80,8,1,10
BRDA:80,9,0,21
BRDA:80,9,1,14
BRDA:82,10,0,10
BRDA:82,10,1,0
BRDA:82,11,0,10
BRDA:82,11,1,5
BRDA:82,11,2,5
BRDA:87,12,0,3
BRDA:87,12,1,18
BRDA:87,13,0,21
BRDA:87,13,1,11
BRDA:89,14,0,0
BRDA:89,14,1,3
BRDA:95,15,0,0
BRDA:95,15,1,3
BRDA:101,16,0,21
BRDA:101,16,1,0
BRDA:103,17,0,21
BRDA:103,17,1,0
BRDA:106,18,0,6212
BRDA:106,18,1,0
BRDA:126,19,0,10
BRDA:126,19,1,4
BRDA:127,20,0,10
BRDA:127,20,1,1
BRDA:128,21,0,10
BRDA:128,21,1,1
BRDA:129,22,0,4
BRDA:129,22,1,6
BRDA:132,23,0,1630
BRDA:132,23,1,1358
BRDA:136,24,0,5
BRDA:136,24,1,5
BRDA:136,25,0,10
BRDA:136,25,1,5
BRDA:137,26,0,5
BRDA:137,26,1,0
BRDA:140,27,0,5
BRDA:140,27,1,0
BRDA:143,28,0,5
BRDA:143,28,1,0
BRDA:152,29,0,5
BRDA:152,29,1,6
BRDA:158,30,0,1630
BRDA:158,30,1,30
BRDA:167,31,0,6
BRDA:167,31,1,0
BRDA:195,32,0,5
BRDA:195,32,1,6
BRDA:197,33,0,6
BRDA:197,33,1,0
BRDA:229,34,0,15
BRDA:229,34,1,15
BRDA:238,35,0,0
BRDA:238,35,1,15
BRDA:241,36,0,5
BRDA:241,36,1,10
BRDA:243,37,0,15
BRDA:243,37,1,0
BRDA:268,38,0,5125
BRDA:268,38,1,5
BRDA:272,39,0,0
BRDA:272,39,1,6455296
BRDA:273,40,0,6455296
BRDA:273,40,1,6455296
BRDA:284,41,0,0
BRDA:284,41,1,163840
BRDA:285,42,0,163840
BRDA:285,42,1,163840
BRDA:300,43,0,0
BRDA:300,43,1,47
BRDA:305,44,0,5
BRDA:305,44,1,42
BRDA:325,45,0,0
BRDA:325,45,1,11
BRDA:327,46,0,11
BRDA:327,46,1,0
BRDA:333,47,0,6
BRDA:333,47,1,5
BRDA:343,48,0,541
BRDA:343,48,1,0
BRDA:360,49,0,541
BRDA:360,49,1,0
BRDA:373,50,0,3899933
BRDA:373,50,1,3899922
BRDA:375,51,0,0
BRDA:375,51,1,3899392
BRDA:375,52,0,3899392
BRDA:375,52,1,3899392
BRDA:381,53,0,0
BRDA:381,53,1,3899392
BRDA:381,54,0,3899392
BRDA:381,54,1,3899392
BRDA:414,55,0,178
BRDA:414,55,1,2621262
BRDA:415,56,0,105
BRDA:415,56,1,2621335
BRDA:416,57,0,2615043
BRDA:416,57,1,6397
BRDA:416,58,0,2621440
BRDA:416,58,1,2617344
BRDA:478,59,0,21
BRDA:478,59,1,21
BRDA:489,60,0,0
BRDA:489,60,1,42
BRDA:489,61,0,42
BRDA:489,61,1,42
BRDA:505,62,0,25969
BRDA:505,62,1,36584633
BRDA:505,63,0,36610602
BRDA:505,63,1,69504
BRDA:521,64,0,26358
BRDA:521,64,1,36584244
BRDA:521,65,0,36610602
BRDA:521,65,1,48027
BRDA:540,66,0,65593
BRDA:540,66,1,36545009
BRDA:548,67,0,43535
BRDA:548,67,1,22058
BRDA:561,68,0,22058
BRDA:561,68,1,43535
BRDA:574,69,0,21669
BRDA:574,69,1,43924
BRDA:586,70,0,43924
BRDA:586,70,1,21669
BRDA:613,71,0,0
BRDA:613,71,1,26
BRDA:613,72,0,26
BRDA:613,72,1,26
BRDA:616,73,0,22
BRDA:616,73,1,4
BRF:151
BRH:125
end_of_record
