TN:
SF:src/brukerconverter.js
FN:8,readZIP
FN:12,(anonymous_1)
FN:24,(anonymous_2)
FN:43,(anonymous_3)
FN:62,(anonymous_4)
FN:75,convert
FN:127,convert1D
FN:153,convert2D
FN:225,setXYSpectrumData
FN:302,parseData
FN:310,setFIDSpectrumData
FN:404,convertTo3DZ
FN:435,add2D
FN:442,generateContourLines
FN:613,ensureIOBuffer
FNF:15
FNH:15
FNDA:4,readZIP
FNDA:4,(anonymous_1)
FNDA:238,(anonymous_2)
FNDA:300,(anonymous_3)
FNDA:18,(anonymous_4)
FNDA:21,convert
FNDA:10,convert1D
FNDA:11,convert2D
FNDA:15,setXYSpectrumData
FNDA:47,parseData
FNDA:11,setFIDSpectrumData
FNDA:3,convertTo3DZ
FNDA:3,add2D
FNDA:3,generateContourLines
FNDA:26,ensureIOBuffer
DA:1,1
DA:2,1
DA:3,1
DA:5,1
DA:6,1
DA:9,4
DA:10,4
DA:12,4
DA:13,4
DA:24,4
DA:25,238
DA:31,18
DA:33,220
DA:35,4
DA:37,4
DA:38,18
DA:39,18
DA:40,18
DA:41,18
DA:42,18
DA:43,18
DA:44,300
DA:46,18
DA:47,8
DA:48,8
DA:52,18
DA:53,50
DA:54,50
DA:55,50
DA:56,50
DA:57,22
DA:59,28
DA:62,18
DA:63,18
DA:64,18
DA:65,58
DA:66,58
DA:68,18
DA:71,4
DA:76,21
DA:77,21
DA:79,21
DA:80,11
DA:81,10
DA:82,10
DA:84,0
DA:87,21
DA:88,3
DA:89,3
DA:90,0
DA:95,3
DA:96,0
DA:100,21
DA:101,21
DA:103,21
DA:104,21
DA:105,6212
DA:106,6212
DA:107,6212
DA:108,6212
DA:109,6212
DA:113,6212
DA:114,14745600
DA:115,14745600
DA:117,6212
DA:124,21
DA:128,10
DA:129,10
DA:131,10
DA:132,10
DA:133,2998
DA:134,2998
DA:135,2963
DA:139,10
DA:140,5
DA:141,5
DA:143,5
DA:144,5
DA:146,5
DA:147,5
DA:150,10
DA:155,11
DA:156,5
DA:157,5
DA:159,5
DA:160,5
DA:161,1665
DA:162,1665
DA:163,1630
DA:167,5
DA:168,5
DA:169,5
DA:170,5
DA:171,5
DA:172,6
DA:173,6
DA:174,6
DA:175,6
DA:176,6
DA:179,6
DA:181,6
DA:182,6
DA:183,6
DA:184,6
DA:185,6
DA:186,6
DA:187,6
DA:188,6
DA:191,11
DA:192,11
DA:193,11
DA:194,11
DA:196,11
DA:197,11
DA:198,11
DA:200,11
DA:201,5
DA:202,6
DA:203,6
DA:206,11
DA:207,6192
DA:208,6192
DA:213,11
DA:214,11
DA:215,11
DA:216,11
DA:217,11
DA:218,11
DA:220,11
DA:222,11
DA:226,15
DA:227,15
DA:229,15
DA:230,15
DA:231,15
DA:234,15
DA:236,15
DA:237,15
DA:238,15
DA:239,15
DA:241,15
DA:242,15
DA:245,15
DA:247,15
DA:248,15
DA:250,0
DA:253,15
DA:254,5130
DA:269,5130
DA:270,5130
DA:272,5130
DA:273,5125
DA:274,6455296
DA:275,6455296
DA:276,6455296
DA:280,0
DA:282,6455296
DA:285,5
DA:286,163840
DA:287,163840
DA:288,163840
DA:292,0
DA:294,163840
DA:298,5130
DA:303,47
DA:304,47
DA:305,47
DA:311,11
DA:312,11
DA:314,11
DA:316,11
DA:317,11
DA:318,11
DA:322,11
DA:323,11
DA:325,11
DA:326,11
DA:328,11
DA:329,11
DA:331,0
DA:334,11
DA:335,11
DA:337,11
DA:338,541
DA:353,541
DA:355,541
DA:370,541
DA:372,541
DA:374,541
DA:375,3899392
DA:376,3899392
DA:377,0
DA:379,3899392
DA:380,3899392
DA:381,3899392
DA:382,3899392
DA:383,0
DA:385,3899392
DA:386,3899392
DA:389,541
DA:390,163840
DA:391,163840
DA:392,163840
DA:393,163840
DA:405,3
DA:406,3
DA:407,3
DA:408,3
DA:409,3
DA:410,3
DA:411,3
DA:412,2304
DA:413,2304
DA:414,2621440
DA:415,2621440
DA:416,2621440
DA:417,2621440
DA:418,2615043
DA:423,3
DA:436,3
DA:437,3
DA:438,3
DA:439,3
DA:443,3
DA:444,3
DA:445,3
DA:446,3
DA:447,3
DA:448,3
DA:449,3
DA:450,3
DA:453,3
DA:454,3
DA:455,3
DA:456,3
DA:457,3
DA:458,3
DA:459,3
DA:460,3
DA:474,3
DA:476,42
DA:477,42
DA:478,42
DA:479,42
DA:480,21
DA:483,21
DA:486,42
DA:487,42
DA:488,42
DA:490,42
DA:492,42
DA:493,32214
DA:494,36610602
DA:495,36610602
DA:496,36610602
DA:497,36610602
DA:499,36610602
DA:500,146442408
DA:506,36610602
DA:507,25969
DA:510,25969
DA:511,25969
DA:512,25969
DA:515,25969
DA:522,36610602
DA:523,26358
DA:524,26358
DA:528,26358
DA:532,26358
DA:533,26358
DA:541,36610602
DA:542,65593
DA:546,65593
DA:549,65593
DA:550,43535
DA:554,43535
DA:555,43535
DA:562,65593
DA:563,22058
DA:564,22058
DA:568,22058
DA:575,65593
DA:576,21669
DA:577,21669
DA:580,21669
DA:587,65593
DA:588,43924
DA:591,43924
DA:592,43924
DA:604,3
DA:614,26
DA:615,0
DA:617,26
DA:618,22
DA:620,4
DA:623,1
LF:296
LH:286
BRDA:9,0,0,4
BRDA:9,0,1,0
BRDA:25,1,0,18
BRDA:25,1,1,220
BRDA:26,2,0,238
BRDA:26,2,1,232
BRDA:26,2,2,228
BRDA:26,2,3,224
BRDA:44,3,0,50
BRDA:44,3,1,250
BRDA:46,4,0,8
BRDA:46,4,1,10
BRDA:56,5,0,22
BRDA:56,5,1,28
BRDA:76,6,0,21
BRDA:76,6,1,0
BRDA:79,7,0,11
BRDA:79,7,1,10
BRDA:79,8,0,21
BRDA:79,8,1,14
BRDA:81,9,0,10
BRDA:81,9,1,0
BRDA:81,10,0,10
BRDA:81,10,1,5
BRDA:81,10,2,5
BRDA:87,11,0,3
BRDA:87,11,1,18
BRDA:87,12,0,21
BRDA:87,12,1,11
BRDA:89,13,0,0
BRDA:89,13,1,3
BRDA:95,14,0,0
BRDA:95,14,1,3
BRDA:101,15,0,21
BRDA:101,15,1,0
BRDA:103,16,0,21
BRDA:103,16,1,0
BRDA:106,17,0,6212
BRDA:106,17,1,0
BRDA:128,18,0,10
BRDA:128,18,1,4
BRDA:129,19,0,10
BRDA:129,19,1,1
BRDA:134,20,0,2963
BRDA:134,20,1,35
BRDA:139,21,0,5
BRDA:139,21,1,5
BRDA:139,22,0,10
BRDA:139,22,1,5
BRDA:140,23,0,5
BRDA:140,23,1,0
BRDA:143,24,0,5
BRDA:143,24,1,0
BRDA:146,25,0,5
BRDA:146,25,1,0
BRDA:155,26,0,5
BRDA:155,26,1,6
BRDA:162,27,0,1630
BRDA:162,27,1,35
BRDA:172,28,0,6
BRDA:172,28,1,0
BRDA:200,29,0,5
BRDA:200,29,1,6
BRDA:202,30,0,6
BRDA:202,30,1,0
BRDA:234,31,0,15
BRDA:234,31,1,15
BRDA:242,32,0,0
BRDA:242,32,1,15
BRDA:245,33,0,5
BRDA:245,33,1,10
BRDA:247,34,0,15
BRDA:247,34,1,0
BRDA:272,35,0,5125
BRDA:272,35,1,5
BRDA:276,36,0,0
BRDA:276,36,1,6455296
BRDA:277,37,0,6455296
BRDA:277,37,1,6455296
BRDA:288,38,0,0
BRDA:288,38,1,163840
BRDA:289,39,0,163840
BRDA:289,39,1,163840
BRDA:304,40,0,0
BRDA:304,40,1,47
BRDA:326,41,0,0
BRDA:326,41,1,11
BRDA:328,42,0,11
BRDA:328,42,1,0
BRDA:334,43,0,6
BRDA:334,43,1,5
BRDA:344,44,0,541
BRDA:344,44,1,0
BRDA:361,45,0,541
BRDA:361,45,1,0
BRDA:374,46,0,3899933
BRDA:374,46,1,3899922
BRDA:376,47,0,0
BRDA:376,47,1,3899392
BRDA:376,48,0,3899392
BRDA:376,48,1,3899392
BRDA:382,49,0,0
BRDA:382,49,1,3899392
BRDA:382,50,0,3899392
BRDA:382,50,1,3899392
BRDA:415,51,0,178
BRDA:415,51,1,2621262
BRDA:416,52,0,105
BRDA:416,52,1,2621335
BRDA:417,53,0,2615043
BRDA:417,53,1,6397
BRDA:417,54,0,2621440
BRDA:417,54,1,2617344
BRDA:479,55,0,21
BRDA:479,55,1,21
BRDA:490,56,0,0
BRDA:490,56,1,42
BRDA:490,57,0,42
BRDA:490,57,1,42
BRDA:506,58,0,25969
BRDA:506,58,1,36584633
BRDA:506,59,0,36610602
BRDA:506,59,1,69504
BRDA:522,60,0,26358
BRDA:522,60,1,36584244
BRDA:522,61,0,36610602
BRDA:522,61,1,48027
BRDA:541,62,0,65593
BRDA:541,62,1,36545009
BRDA:549,63,0,43535
BRDA:549,63,1,22058
BRDA:562,64,0,22058
BRDA:562,64,1,43535
BRDA:575,65,0,21669
BRDA:575,65,1,43924
BRDA:587,66,0,43924
BRDA:587,66,1,21669
BRDA:614,67,0,0
BRDA:614,67,1,26
BRDA:614,68,0,26
BRDA:614,68,1,26
BRDA:617,69,0,22
BRDA:617,69,1,4
BRF:143
BRH:117
end_of_record
